Accessed /api/Dashboard/GetItems at 19/08/2024 8:23:43 CH
Accessed /api/Dashboard/GetCustomers at 19/08/2024 8:23:43 CH
Accessed /api/Dashboard/GetTableData at 19/08/2024 8:23:43 CH
Accessed /api/Dashboard/GetRevenue at 19/08/2024 8:23:43 CH
Accessed /api/Employee at 19/08/2024 8:23:44 CH
Accessed /api/Employee at 19/08/2024 8:29:55 CH
Accessed /api/Employee at 19/08/2024 8:32:31 CH
Accessed /api/Employee at 19/08/2024 8:32:36 CH
Accessed /api/table at 19/08/2024 8:32:42 CH
Accessed /api/table/index at 19/08/2024 8:32:42 CH
Accessed /api/table/index at 19/08/2024 8:32:42 CH
Accessed /api/table/1 at 19/08/2024 8:32:43 CH
Accessed /api/Reservation at 19/08/2024 8:33:01 CH
Accessed /api/table/1 at 19/08/2024 8:34:32 CH
Accessed /api/Reservation at 19/08/2024 8:34:49 CH
Accessed /api/Reservation at 19/08/2024 8:34:53 CH
Accessed /api/Dashboard/GetCustomers at 19/08/2024 11:06:44 CH
Accessed /api/Account/me at 19/08/2024 11:06:44 CH
Accessed /api/Dashboard/GetTableData at 19/08/2024 11:06:44 CH
Accessed /api/Dashboard/GetItems at 19/08/2024 11:06:44 CH
Accessed /api/Dashboard/GetRevenue at 19/08/2024 11:06:44 CH
Accessed /api/Account/me at 19/08/2024 11:32:46 CH
Accessed /api/Dashboard/GetItems at 19/08/2024 11:32:46 CH
Accessed /api/Dashboard/GetRevenue at 19/08/2024 11:32:46 CH
Accessed /api/Dashboard/GetCustomers at 19/08/2024 11:32:46 CH
Accessed /api/Dashboard/GetTableData at 19/08/2024 11:32:46 CH
Accessed /api/Dashboard/GetTableData at 19/08/2024 11:33:50 CH
Accessed /api/Dashboard/GetCustomers at 19/08/2024 11:33:50 CH
Accessed /api/Account/me at 19/08/2024 11:33:50 CH
Accessed /api/Dashboard/GetRevenue at 19/08/2024 11:33:50 CH
Accessed /api/Dashboard/GetItems at 19/08/2024 11:33:50 CH
Accessed /api/Account/me at 19/08/2024 11:37:35 CH
Accessed /api/Dashboard/GetCustomers at 19/08/2024 11:37:36 CH
Accessed /api/Dashboard/GetTableData at 19/08/2024 11:37:36 CH
Accessed /api/Dashboard/GetRevenue at 19/08/2024 11:37:36 CH
Accessed /api/Dashboard/GetItems at 19/08/2024 11:37:36 CH
Accessed /api/Account/me at 19/08/2024 11:42:53 CH
Accessed /api/Dashboard/GetCustomers at 19/08/2024 11:42:53 CH
Accessed /api/Dashboard/GetTableData at 19/08/2024 11:42:53 CH
Accessed /api/Dashboard/GetItems at 19/08/2024 11:42:53 CH
Accessed /api/Dashboard/GetRevenue at 19/08/2024 11:42:53 CH
Accessed /api/Dashboard/GetCustomers at 19/08/2024 11:43:48 CH
Accessed /api/Dashboard/GetItems at 19/08/2024 11:43:48 CH
Accessed /api/Dashboard/GetRevenue at 19/08/2024 11:43:48 CH
Accessed /api/Dashboard/GetTableData at 19/08/2024 11:43:48 CH
Accessed /api/Account/me at 19/08/2024 11:44:30 CH
Accessed /api/Dashboard/GetCustomers at 19/08/2024 11:44:30 CH
Accessed /api/Dashboard/GetItems at 19/08/2024 11:44:30 CH
Accessed /api/Dashboard/GetRevenue at 19/08/2024 11:44:30 CH
Accessed /api/Dashboard/GetTableData at 19/08/2024 11:44:30 CH
Accessed /api/Account/me at 19/08/2024 11:44:48 CH
Accessed /api/Dashboard/GetCustomers at 19/08/2024 11:44:49 CH
Accessed /api/Dashboard/GetRevenue at 19/08/2024 11:44:49 CH
Accessed /api/Dashboard/GetItems at 19/08/2024 11:44:49 CH
Accessed /api/Dashboard/GetTableData at 19/08/2024 11:44:49 CH
Accessed /api/Account/me at 19/08/2024 11:44:55 CH
Accessed /api/Dashboard/GetCustomers at 19/08/2024 11:44:56 CH
Accessed /api/Dashboard/GetItems at 19/08/2024 11:44:56 CH
Accessed /api/Dashboard/GetRevenue at 19/08/2024 11:44:56 CH
Accessed /api/Dashboard/GetTableData at 19/08/2024 11:44:56 CH
Accessed /api/Account/me at 19/08/2024 11:45:24 CH
Accessed /api/Account/me at 21/08/2024 9:55:07 CH
Accessed /api/Dashboard/GetItems at 21/08/2024 9:55:07 CH
Accessed /api/Dashboard/GetCustomers at 21/08/2024 9:55:07 CH
Accessed /api/Dashboard/GetRevenue at 21/08/2024 9:55:07 CH
Accessed /api/Dashboard/GetTableData at 21/08/2024 9:55:07 CH
Accessed /api/Employee at 21/08/2024 9:55:11 CH
Accessed /api/Employee/15 at 21/08/2024 9:57:52 CH
Accessed /api/MenuItem at 21/08/2024 10:00:19 CH
Accessed /api/Account/me at 21/08/2024 10:03:22 CH
Accessed /api/MenuItem at 21/08/2024 10:03:22 CH
Accessed /api/MenuItem/1 at 21/08/2024 10:03:26 CH
Accessed /api/Account/me at 29/08/2024 9:31:22 CH
Accessed /api/Dashboard/GetItems at 29/08/2024 9:31:22 CH
Accessed /api/Dashboard/GetTableData at 29/08/2024 9:31:22 CH
Accessed /api/Dashboard/GetRevenue at 29/08/2024 9:31:22 CH
Accessed /api/Dashboard/GetCustomers at 29/08/2024 9:31:22 CH
Accessed /api/Employee at 29/08/2024 9:31:42 CH
Accessed /api/MenuItem at 29/08/2024 9:31:44 CH
Accessed /api/MenuItem/1 at 29/08/2024 9:31:47 CH
Accessed /api/MenuItem at 29/08/2024 9:31:51 CH
Accessed /api/MenuItem at 29/08/2024 9:32:06 CH
Accessed /api/MenuItem/1 at 29/08/2024 9:32:08 CH
Accessed /api/MenuItem/1 at 29/08/2024 9:32:57 CH
Accessed /api/MenuItem at 29/08/2024 9:33:00 CH
Accessed /api/Account/me at 29/08/2024 9:33:19 CH
Accessed /api/MenuItem at 29/08/2024 9:33:19 CH
Accessed /api/MenuItem/2 at 29/08/2024 9:33:24 CH
Accessed /api/MenuItem/2 at 29/08/2024 9:33:52 CH
Accessed /api/MenuItem at 29/08/2024 9:33:54 CH
Accessed /api/MenuItem/3 at 29/08/2024 9:33:58 CH
Accessed /api/MenuItem/3 at 29/08/2024 9:34:24 CH
Accessed /api/MenuItem at 29/08/2024 9:34:26 CH
Accessed /api/MenuItem/4 at 29/08/2024 9:34:32 CH
Accessed /api/MenuItem/4 at 29/08/2024 9:34:55 CH
Accessed /api/MenuItem at 29/08/2024 9:34:58 CH
Accessed /api/MenuItem/5 at 29/08/2024 9:35:00 CH
Accessed /api/MenuItem/5 at 29/08/2024 9:35:24 CH
Accessed /api/MenuItem at 29/08/2024 9:35:26 CH
Accessed /api/MenuItem/6 at 29/08/2024 9:35:32 CH
Accessed /api/MenuItem/6 at 29/08/2024 9:36:04 CH
Accessed /api/MenuItem at 29/08/2024 9:36:07 CH
Accessed /api/MenuItem at 29/08/2024 9:36:16 CH
Accessed /api/MenuItem at 29/08/2024 9:36:33 CH
Accessed /api/MenuItem/7 at 29/08/2024 9:36:38 CH
Accessed /api/MenuItem/7 at 29/08/2024 9:36:59 CH
Accessed /api/MenuItem at 29/08/2024 9:37:02 CH
Accessed /api/MenuItem/8 at 29/08/2024 9:37:27 CH
Accessed /api/MenuItem/8 at 29/08/2024 9:37:56 CH
Accessed /api/MenuItem at 29/08/2024 9:37:59 CH
Accessed /api/MenuItem/9 at 29/08/2024 9:38:04 CH
Accessed /api/MenuItem/9 at 29/08/2024 9:38:31 CH
Accessed /api/MenuItem at 29/08/2024 9:38:33 CH
Accessed /api/MenuItem/10 at 29/08/2024 9:38:40 CH
Accessed /api/MenuItem/10 at 29/08/2024 9:39:03 CH
Accessed /api/MenuItem at 29/08/2024 9:39:06 CH
Accessed /api/MenuItem/11 at 29/08/2024 9:39:23 CH
Accessed /api/MenuItem/11 at 29/08/2024 9:39:49 CH
Accessed /api/MenuItem at 29/08/2024 9:39:52 CH
Accessed /api/MenuItem/12 at 29/08/2024 9:39:56 CH
Accessed /api/MenuItem/12 at 29/08/2024 9:40:17 CH
Accessed /api/MenuItem at 29/08/2024 9:40:19 CH
Accessed /api/MenuItem/13 at 29/08/2024 9:40:30 CH
Accessed /api/MenuItem/13 at 29/08/2024 9:40:51 CH
Accessed /api/MenuItem at 29/08/2024 9:40:54 CH
Accessed /api/MenuItem/14 at 29/08/2024 9:40:57 CH
Accessed /api/MenuItem/14 at 29/08/2024 9:41:18 CH
Accessed /api/MenuItem at 29/08/2024 9:41:20 CH
Accessed /api/MenuItem/15 at 29/08/2024 9:41:26 CH
Accessed /api/MenuItem/15 at 29/08/2024 9:41:48 CH
Accessed /api/MenuItem at 29/08/2024 9:41:50 CH
Accessed /api/MenuItem/16 at 29/08/2024 9:42:00 CH
Accessed /api/MenuItem/16 at 29/08/2024 9:42:21 CH
Accessed /api/MenuItem at 29/08/2024 9:42:23 CH
Accessed /api/MenuItem/17 at 29/08/2024 9:42:28 CH
Accessed /api/MenuItem/17 at 29/08/2024 9:42:53 CH
Accessed /api/MenuItem at 29/08/2024 9:42:55 CH
Accessed /api/MenuItem/18 at 29/08/2024 9:43:02 CH
Accessed /api/MenuItem/18 at 29/08/2024 9:43:20 CH
Accessed /api/MenuItem at 29/08/2024 9:43:23 CH
Accessed /api/MenuItem/19 at 29/08/2024 9:43:27 CH
Accessed /api/MenuItem/19 at 29/08/2024 9:43:45 CH
Accessed /api/MenuItem at 29/08/2024 9:43:50 CH
Accessed /api/MenuItem/20 at 29/08/2024 9:43:54 CH
Accessed /api/MenuItem/20 at 29/08/2024 9:44:16 CH
Accessed /api/MenuItem at 29/08/2024 9:44:23 CH
Accessed /api/MenuItem/21 at 29/08/2024 9:44:30 CH
Accessed /api/MenuItem/21 at 29/08/2024 9:44:59 CH
Accessed /api/MenuItem at 29/08/2024 9:45:01 CH
Accessed /api/MenuItem/22 at 29/08/2024 9:45:05 CH
Accessed /api/MenuItem/22 at 29/08/2024 9:45:23 CH
Accessed /api/MenuItem at 29/08/2024 9:45:25 CH
Accessed /api/MenuItem/23 at 29/08/2024 9:45:33 CH
Accessed /api/MenuItem/23 at 29/08/2024 9:45:50 CH
Accessed /api/MenuItem at 29/08/2024 9:45:53 CH
Accessed /api/MenuItem/24 at 29/08/2024 9:45:57 CH
Accessed /api/MenuItem/24 at 29/08/2024 9:46:22 CH
Accessed /api/MenuItem at 29/08/2024 9:46:25 CH
Accessed /api/MenuItem/25 at 29/08/2024 9:46:29 CH
Accessed /api/MenuItem/25 at 29/08/2024 9:46:51 CH
Accessed /api/MenuItem at 29/08/2024 9:46:55 CH
Accessed /api/MenuItem/26 at 29/08/2024 9:47:03 CH
Accessed /api/MenuItem/26 at 29/08/2024 9:47:24 CH
Accessed /api/MenuItem at 29/08/2024 9:47:27 CH
Accessed /api/MenuItem/27 at 29/08/2024 9:47:30 CH
Accessed /api/MenuItem/27 at 29/08/2024 9:47:49 CH
Accessed /api/MenuItem at 29/08/2024 9:47:52 CH
Accessed /api/MenuItem/28 at 29/08/2024 9:47:57 CH
Accessed /api/MenuItem/28 at 29/08/2024 9:48:30 CH
Accessed /api/MenuItem at 29/08/2024 9:48:33 CH
Accessed /api/MenuItem/29 at 29/08/2024 9:48:36 CH
Accessed /api/MenuItem/29 at 29/08/2024 9:48:58 CH
Accessed /api/MenuItem at 29/08/2024 9:49:01 CH
Accessed /api/MenuItem/30 at 29/08/2024 9:49:04 CH
Accessed /api/MenuItem/30 at 29/08/2024 9:49:26 CH
Accessed /api/MenuItem at 29/08/2024 9:49:55 CH
Accessed /api/table at 29/08/2024 9:50:30 CH
Accessed /api/table/index at 29/08/2024 9:50:30 CH
Accessed /api/table/index at 29/08/2024 9:50:31 CH
Accessed /api/Order at 29/08/2024 9:50:46 CH
Accessed /api/Account/me at 30/08/2024 11:11:34 SA
Accessed /api/Dashboard/GetItems at 30/08/2024 11:11:34 SA
Accessed /api/Dashboard/GetTableData at 30/08/2024 11:11:34 SA
Accessed /api/Dashboard/GetCustomers at 30/08/2024 11:11:34 SA
Accessed /api/Dashboard/GetRevenue at 30/08/2024 11:11:34 SA
Accessed /api/MenuItem at 30/08/2024 11:11:36 SA
Accessed /api/table/index at 30/08/2024 11:15:12 SA
Accessed /api/table at 30/08/2024 11:15:12 SA
Accessed /api/table/index at 30/08/2024 11:15:12 SA
Accessed /api/Reservation at 30/08/2024 11:15:18 SA
Accessed /api/Account/me at 30/08/2024 6:51:34 CH
Accessed /api/Dashboard/GetTableData at 30/08/2024 6:51:35 CH
Accessed /api/Dashboard/GetCustomers at 30/08/2024 6:51:35 CH
Accessed /api/Dashboard/GetRevenue at 30/08/2024 6:51:35 CH
Accessed /api/Dashboard/GetItems at 30/08/2024 6:51:35 CH
Accessed /api/MenuItem at 30/08/2024 6:51:45 CH
Accessed /api/MenuItem at 30/08/2024 6:52:22 CH
Accessed /api/MenuItem/31 at 30/08/2024 6:52:54 CH
Accessed /api/MenuItem at 30/08/2024 6:53:09 CH
Accessed /api/MenuItem at 30/08/2024 6:55:20 CH
Accessed /api/Account/me at 30/08/2024 6:55:33 CH
Accessed /api/MenuItem at 30/08/2024 6:55:33 CH
Accessed /api/MenuItem at 30/08/2024 6:56:15 CH
Accessed /api/MenuItem at 30/08/2024 6:57:04 CH
Accessed /api/Account/me at 30/08/2024 6:57:33 CH
Accessed /api/MenuItem at 30/08/2024 6:57:33 CH
Accessed /api/MenuItem at 30/08/2024 6:58:35 CH
