Accessed /api/OrderItem at 15/08/2024 4:45:35 CH
Accessed /api/Order/37 at 15/08/2024 4:45:55 CH
Accessed /api/MenuItem at 15/08/2024 4:45:55 CH
Accessed /api/OrderItem at 15/08/2024 4:46:10 CH
Accessed /api/Order/37 at 15/08/2024 4:51:35 CH
Accessed /api/MenuItem at 15/08/2024 4:51:35 CH
Accessed /api/OrderItem at 15/08/2024 4:51:54 CH
Accessed /api/OrderItem at 15/08/2024 4:51:54 CH
Accessed /api/OrderItem at 15/08/2024 4:52:13 CH
Accessed /api/OrderItem at 15/08/2024 4:52:13 CH
Accessed /api/OrderItem at 15/08/2024 4:52:42 CH
Accessed /api/OrderItem at 15/08/2024 4:52:42 CH
Accessed /api/Order/37 at 15/08/2024 4:52:48 CH
Accessed /api/MenuItem at 15/08/2024 4:52:48 CH
Accessed /api/Order at 15/08/2024 4:52:52 CH
Accessed /api/Order/37 at 15/08/2024 4:52:56 CH
Accessed /api/MenuItem at 15/08/2024 4:52:56 CH
Accessed /api/MenuItem at 15/08/2024 4:54:18 CH
Accessed /api/MenuItem at 15/08/2024 4:54:44 CH
Accessed /api/Order/37 at 15/08/2024 4:54:47 CH
Accessed /api/MenuItem at 15/08/2024 4:54:47 CH
Accessed /api/Order/37 at 15/08/2024 4:55:20 CH
Accessed /api/MenuItem at 15/08/2024 4:55:20 CH
Accessed /api/MenuItem at 15/08/2024 4:55:44 CH
Accessed /api/Order at 15/08/2024 4:56:10 CH
Accessed /api/customer at 16/08/2024 12:54:54 SA
Accessed /api/table at 16/08/2024 12:55:08 SA
Accessed /api/table/index at 16/08/2024 12:55:08 SA
Accessed /api/table/index at 16/08/2024 12:55:08 SA
Accessed /api/MenuItem at 16/08/2024 12:55:09 SA
Accessed /api/table at 16/08/2024 12:56:56 SA
Accessed /api/table/index at 16/08/2024 12:56:56 SA
Accessed /api/table/index at 16/08/2024 12:56:56 SA
Accessed /api/table/1 at 16/08/2024 12:56:58 SA
Accessed /api/table at 16/08/2024 12:57:26 SA
Accessed /api/table/index at 16/08/2024 12:57:26 SA
Accessed /api/table/index at 16/08/2024 12:57:26 SA
Accessed /api/table/1 at 16/08/2024 12:57:28 SA
Accessed /api/table/index at 16/08/2024 12:58:36 SA
Accessed /api/table at 16/08/2024 12:58:36 SA
Accessed /api/table/index at 16/08/2024 12:58:36 SA
Accessed /api/table/1 at 16/08/2024 12:58:38 SA
Accessed /api/table/index at 16/08/2024 12:58:41 SA
Accessed /api/table at 16/08/2024 12:58:41 SA
Accessed /api/table/index at 16/08/2024 12:58:41 SA
Accessed /api/table/1 at 16/08/2024 12:58:43 SA
Accessed /api/table/1 at 16/08/2024 1:00:18 SA
Accessed /api/table at 16/08/2024 1:09:36 SA
Accessed /api/table/index at 16/08/2024 1:09:36 SA
Accessed /api/table/index at 16/08/2024 1:09:36 SA
Accessed /api/table/1 at 16/08/2024 1:09:39 SA
Accessed /api/customer at 16/08/2024 6:33:18 CH
Accessed /api/customer at 16/08/2024 6:33:27 CH
Accessed /api/customer/11 at 16/08/2024 6:33:34 CH
Accessed /api/MenuItem at 16/08/2024 6:33:42 CH
Accessed /api/MenuItem at 16/08/2024 6:34:19 CH
Accessed /api/MenuItem/6 at 16/08/2024 6:34:32 CH
Accessed /api/table at 16/08/2024 6:34:36 CH
Accessed /api/table/index at 16/08/2024 6:34:36 CH
Accessed /api/table/index at 16/08/2024 6:34:36 CH
Accessed /api/table/6 at 16/08/2024 6:34:40 CH
Accessed /api/Order at 16/08/2024 6:34:59 CH
Accessed /api/MenuItem at 16/08/2024 6:35:00 CH
Accessed /api/Order at 16/08/2024 6:35:06 CH
Accessed /api/Order at 16/08/2024 6:37:33 CH
Accessed /api/Order at 16/08/2024 6:37:51 CH
Accessed /api/Order at 16/08/2024 6:38:10 CH
Accessed /api/Order at 16/08/2024 6:38:22 CH
Accessed /api/Order at 16/08/2024 6:38:30 CH
Accessed /api/Order at 16/08/2024 6:40:29 CH
Accessed /api/Order at 16/08/2024 6:40:38 CH
Accessed /api/Order at 16/08/2024 6:41:29 CH
Accessed /api/Order at 16/08/2024 6:41:32 CH
Accessed /api/Order at 16/08/2024 6:42:29 CH
Accessed /api/Order at 16/08/2024 6:42:33 CH
Accessed /api/Order at 16/08/2024 6:42:55 CH
Accessed /api/Order at 16/08/2024 6:43:20 CH
Accessed /api/Order at 16/08/2024 6:43:48 CH
Accessed /api/Order at 16/08/2024 6:45:10 CH
Accessed /api/Order at 16/08/2024 6:45:19 CH
Accessed /api/customer at 16/08/2024 6:46:30 CH
Accessed /api/customer at 16/08/2024 6:46:36 CH
Accessed /api/customer at 16/08/2024 6:47:38 CH
Accessed /api/customer at 16/08/2024 6:50:14 CH
Accessed /api/Order at 16/08/2024 6:50:16 CH
Accessed /api/Order at 16/08/2024 6:50:26 CH
Accessed /api/Order at 16/08/2024 6:52:09 CH
Accessed /api/customer at 16/08/2024 8:14:36 CH
Accessed /api/table at 16/08/2024 8:14:40 CH
Accessed /api/table/index at 16/08/2024 8:14:40 CH
Accessed /api/table/index at 16/08/2024 8:14:41 CH
Accessed /api/Order at 16/08/2024 8:14:45 CH
Accessed /api/Order at 16/08/2024 8:16:09 CH
Accessed /api/Order at 16/08/2024 8:16:55 CH
Accessed /api/Order at 16/08/2024 8:26:25 CH
Accessed /api/Order at 16/08/2024 8:27:44 CH
Accessed /api/Order at 16/08/2024 8:28:12 CH
Accessed /api/customer at 17/08/2024 1:01:16 SA
Accessed /api/customer/1 at 17/08/2024 1:01:20 SA
Accessed /api/Order at 17/08/2024 1:02:01 SA
Accessed /api/table/index at 17/08/2024 1:02:04 SA
Accessed /api/table at 17/08/2024 1:02:04 SA
Accessed /api/table/index at 17/08/2024 1:02:04 SA
Accessed /api/Order at 17/08/2024 1:02:08 SA
Accessed /api/Order/62 at 17/08/2024 1:02:20 SA
Accessed /api/MenuItem at 17/08/2024 1:02:20 SA
Accessed /api/table/index at 17/08/2024 1:02:42 SA
Accessed /api/table at 17/08/2024 1:02:42 SA
Accessed /api/table/index at 17/08/2024 1:02:42 SA
Accessed /api/table/1 at 17/08/2024 1:02:43 SA
Accessed /api/Order at 17/08/2024 1:02:56 SA
Accessed /api/Order/62 at 17/08/2024 1:02:58 SA
Accessed /api/MenuItem at 17/08/2024 1:02:58 SA
Accessed /api/Order at 17/08/2024 1:03:12 SA
Accessed /api/Order/62 at 17/08/2024 1:03:21 SA
Accessed /api/MenuItem at 17/08/2024 1:03:21 SA
Accessed /api/Order at 17/08/2024 1:09:04 SA
Accessed /api/Order/1 at 17/08/2024 1:09:10 SA
Accessed /api/MenuItem at 17/08/2024 1:09:10 SA
Accessed /api/Order/1 at 17/08/2024 1:09:32 SA
Accessed /api/MenuItem at 17/08/2024 1:09:32 SA
Accessed /api/Order at 17/08/2024 1:10:41 SA
Accessed /api/Order/62 at 17/08/2024 1:10:43 SA
Accessed /api/MenuItem at 17/08/2024 1:10:43 SA
Accessed /api/table/index at 17/08/2024 1:11:51 SA
Accessed /api/table at 17/08/2024 1:11:51 SA
Accessed /api/table/index at 17/08/2024 1:11:51 SA
Accessed /api/Order at 17/08/2024 1:12:09 SA
Accessed /api/MenuItem at 17/08/2024 1:12:12 SA
Accessed /api/MenuItem at 17/08/2024 1:13:22 SA
Accessed /api/Order at 17/08/2024 1:13:24 SA
Accessed /api/Order/62 at 17/08/2024 1:14:06 SA
Accessed /api/MenuItem at 17/08/2024 1:14:06 SA
Accessed /api/MenuItem at 17/08/2024 1:14:48 SA
Accessed /api/table at 17/08/2024 1:16:00 SA
Accessed /api/table/index at 17/08/2024 1:16:00 SA
Accessed /api/table/index at 17/08/2024 1:16:00 SA
Accessed /api/Order at 17/08/2024 1:16:02 SA
Accessed /api/Order/62 at 17/08/2024 1:16:17 SA
Accessed /api/MenuItem at 17/08/2024 1:16:17 SA
Accessed /api/Order at 17/08/2024 1:16:40 SA
Accessed /api/Order/1 at 17/08/2024 1:16:46 SA
Accessed /api/MenuItem at 17/08/2024 1:16:46 SA
Accessed /api/MenuItem at 17/08/2024 1:18:17 SA
Accessed /api/table at 17/08/2024 1:18:45 SA
Accessed /api/table/index at 17/08/2024 1:18:45 SA
Accessed /api/table/index at 17/08/2024 1:18:45 SA
Accessed /api/Order at 17/08/2024 1:18:46 SA
Accessed /api/MenuItem at 17/08/2024 1:18:55 SA
Accessed /api/MenuItem at 17/08/2024 1:18:57 SA
Accessed /api/table at 17/08/2024 1:20:48 SA
Accessed /api/table/index at 17/08/2024 1:20:48 SA
Accessed /api/table/index at 17/08/2024 1:20:48 SA
Accessed /api/MenuItem at 17/08/2024 1:20:49 SA
Accessed /api/customer at 17/08/2024 10:31:49 CH
Accessed /api/Reservation at 17/08/2024 10:32:46 CH
Accessed /api/Order at 17/08/2024 10:33:32 CH
Accessed /api/Order/74 at 17/08/2024 10:33:40 CH
Accessed /api/MenuItem at 17/08/2024 10:33:40 CH
Accessed /api/table/index at 17/08/2024 10:34:18 CH
Accessed /api/table at 17/08/2024 10:34:18 CH
Accessed /api/table/index at 17/08/2024 10:34:18 CH
Accessed /api/MenuItem at 17/08/2024 10:34:20 CH
Accessed /api/Reservation at 17/08/2024 10:35:40 CH
Accessed /api/table at 17/08/2024 10:36:32 CH
Accessed /api/table/index at 17/08/2024 10:36:32 CH
Accessed /api/table/index at 17/08/2024 10:36:32 CH
Accessed /api/MenuItem at 17/08/2024 10:36:33 CH
Accessed /api/customer at 17/08/2024 10:36:54 CH
Accessed /api/table at 17/08/2024 10:36:58 CH
Accessed /api/table/index at 17/08/2024 10:36:58 CH
Accessed /api/table/index at 17/08/2024 10:36:58 CH
Accessed /api/MenuItem at 17/08/2024 10:37:00 CH
Accessed /api/Reservation at 17/08/2024 10:37:20 CH
Accessed /api/table/index at 17/08/2024 10:38:16 CH
Accessed /api/table at 17/08/2024 10:38:16 CH
Accessed /api/table/index at 17/08/2024 10:38:16 CH
Accessed /api/MenuItem at 17/08/2024 10:38:17 CH
Accessed /api/Reservation at 17/08/2024 10:38:49 CH
Accessed /api/Reservation at 17/08/2024 10:50:31 CH
Accessed /api/Reservation at 17/08/2024 10:50:57 CH
Accessed /api/MenuItem at 18/08/2024 6:20:21 CH
Accessed /api/table at 18/08/2024 6:20:22 CH
Accessed /api/table/index at 18/08/2024 6:20:22 CH
Accessed /api/table/index at 18/08/2024 6:20:23 CH
Accessed /api/customer at 18/08/2024 6:20:24 CH
Accessed /api/Employee at 18/08/2024 6:20:25 CH
Accessed /api/MenuItem at 18/08/2024 6:20:25 CH
Accessed /api/Order at 18/08/2024 6:20:27 CH
Accessed /api/Employee at 18/08/2024 6:20:45 CH
Accessed /api/Employee/1 at 18/08/2024 6:20:47 CH
