Accessed /api/account/me at 13/08/2024 11:03:29 CH
Accessed /api/Order at 13/08/2024 11:11:51 CH
Accessed /api/MenuItem at 13/08/2024 11:11:54 CH
Accessed /api/Account/me at 26/08/2024 8:50:59 CH
Accessed /api/Dashboard/GetTableData at 26/08/2024 8:50:59 CH
Accessed /api/Dashboard/GetCustomers at 26/08/2024 8:50:59 CH
Accessed /api/Dashboard/GetRevenue at 26/08/2024 8:50:59 CH
Accessed /api/Dashboard/GetItems at 26/08/2024 8:50:59 CH
Accessed /api/MenuItem at 26/08/2024 8:51:08 CH
Accessed /api/Order at 26/08/2024 8:51:12 CH
Accessed /api/MenuItem at 26/08/2024 8:51:23 CH
Accessed /api/Order/Full at 26/08/2024 8:51:40 CH
Accessed /api/Order/335 at 26/08/2024 8:51:43 CH
Accessed /api/MenuItem at 26/08/2024 8:51:43 CH
Accessed /api/Account/me at 26/08/2024 8:52:45 CH
Accessed /api/Account/me at 26/08/2024 9:26:02 CH
Accessed /api/Dashboard/GetTableData at 26/08/2024 9:26:03 CH
Accessed /api/Dashboard/GetCustomers at 26/08/2024 9:26:03 CH
Accessed /api/Dashboard/GetItems at 26/08/2024 9:26:03 CH
Accessed /api/Dashboard/GetRevenue at 26/08/2024 9:26:03 CH
