Accessed /api/customer at 19/08/2024 7:45:37 CH
Accessed /api/Order at 19/08/2024 7:58:32 CH
Accessed /api/Order/301 at 19/08/2024 7:58:36 CH
Accessed /api/MenuItem at 19/08/2024 7:58:36 CH
Accessed /api/Order at 19/08/2024 7:58:51 CH
Accessed /api/Order/305 at 19/08/2024 7:58:52 CH
Accessed /api/MenuItem at 19/08/2024 7:58:52 CH
Accessed /api/Order at 19/08/2024 7:59:09 CH
Accessed /api/Order/306 at 19/08/2024 7:59:11 CH
Accessed /api/MenuItem at 19/08/2024 7:59:11 CH
Accessed /api/Order at 19/08/2024 8:00:07 CH
Accessed /api/Order/306 at 19/08/2024 8:00:10 CH
Accessed /api/Order/305 at 19/08/2024 8:00:13 CH
Accessed /api/Order/301 at 19/08/2024 8:00:15 CH
Accessed /api/MenuItem at 19/08/2024 8:00:15 CH
Accessed /api/MenuItem at 19/08/2024 8:03:52 CH
Accessed /api/Order at 19/08/2024 8:04:13 CH
Accessed /api/OrderItem at 19/08/2024 8:04:13 CH
Accessed /api/Order/307 at 19/08/2024 8:04:14 CH
Accessed /api/MenuItem at 19/08/2024 8:04:14 CH
Accessed /api/Payment at 19/08/2024 8:04:17 CH
Accessed /api/Order at 19/08/2024 8:04:19 CH
Accessed /api/Order at 19/08/2024 8:04:29 CH
Accessed /api/Order/307 at 19/08/2024 8:04:31 CH
Accessed /api/MenuItem at 19/08/2024 8:04:32 CH
Accessed /api/MenuItem at 19/08/2024 8:10:04 CH
Accessed /api/customer at 19/08/2024 8:10:11 CH
Accessed /api/MenuItem at 19/08/2024 8:10:13 CH
Accessed /api/customer at 19/08/2024 8:10:24 CH
Accessed /api/Dashboard/GetTableData at 19/08/2024 9:19:58 CH
Accessed /api/Dashboard/GetCustomers at 19/08/2024 9:19:58 CH
Accessed /api/Dashboard/GetRevenue at 19/08/2024 9:19:58 CH
Accessed /api/Dashboard/GetItems at 19/08/2024 9:19:58 CH
Accessed /api/table at 19/08/2024 9:20:01 CH
Accessed /api/table/index at 19/08/2024 9:20:01 CH
Accessed /api/table/index at 19/08/2024 9:20:01 CH
Accessed /api/table/1 at 19/08/2024 9:20:03 CH
Accessed /api/table/index at 19/08/2024 9:20:11 CH
Accessed /api/table at 19/08/2024 9:20:11 CH
Accessed /api/table/index at 19/08/2024 9:20:11 CH
Accessed /api/table/3 at 19/08/2024 9:20:14 CH
Accessed /api/Reservation at 19/08/2024 9:20:29 CH
Accessed /api/Reservation at 19/08/2024 9:20:41 CH
Accessed /api/table/3 at 19/08/2024 9:22:18 CH
Accessed /api/table/3 at 19/08/2024 9:22:33 CH
Accessed /api/customer at 19/08/2024 9:22:35 CH
Accessed /api/MenuItem at 19/08/2024 9:22:44 CH
Accessed /api/table/index at 19/08/2024 9:22:45 CH
Accessed /api/table at 19/08/2024 9:22:45 CH
Accessed /api/table/index at 19/08/2024 9:22:45 CH
Accessed /api/table/1 at 19/08/2024 9:22:47 CH
Accessed /api/MenuItem at 19/08/2024 9:26:12 CH
Accessed /api/customer at 19/08/2024 9:26:13 CH
Accessed /api/customer/1 at 19/08/2024 9:26:15 CH
Accessed /api/customer/1 at 19/08/2024 9:26:51 CH
Accessed /api/table/index at 19/08/2024 9:28:14 CH
Accessed /api/table at 19/08/2024 9:28:14 CH
Accessed /api/table/index at 19/08/2024 9:28:14 CH
Accessed /api/customer at 19/08/2024 9:29:52 CH
Accessed /api/customer at 19/08/2024 9:31:49 CH
Accessed /api/customer at 19/08/2024 9:32:00 CH
Accessed /api/Dashboard/GetTableData at 19/08/2024 9:34:46 CH
Accessed /api/Dashboard/GetRevenue at 19/08/2024 9:34:46 CH
Accessed /api/Dashboard/GetCustomers at 19/08/2024 9:34:46 CH
Accessed /api/Dashboard/GetItems at 19/08/2024 9:34:46 CH
Accessed /api/MenuItem at 19/08/2024 9:35:11 CH
Accessed /api/MenuItem at 19/08/2024 9:36:33 CH
Accessed /api/MenuItem at 19/08/2024 9:38:15 CH
Accessed /api/table/index at 19/08/2024 9:39:13 CH
Accessed /api/table at 19/08/2024 9:39:13 CH
Accessed /api/table/index at 19/08/2024 9:39:13 CH
Accessed /api/customer at 19/08/2024 9:39:18 CH
Accessed /api/MenuItem at 19/08/2024 9:39:33 CH
Accessed /api/Dashboard/GetTableData at 19/08/2024 11:05:19 CH
Accessed /api/Dashboard/GetRevenue at 19/08/2024 11:05:19 CH
Accessed /api/Dashboard/GetItems at 19/08/2024 11:05:19 CH
Accessed /api/Dashboard/GetCustomers at 19/08/2024 11:05:19 CH
Accessed /api/Account/me at 19/08/2024 11:05:19 CH
Accessed /api/Account/me at 19/08/2024 11:05:39 CH
Accessed /api/Dashboard/GetItems at 19/08/2024 11:05:39 CH
Accessed /api/Dashboard/GetCustomers at 19/08/2024 11:05:39 CH
Accessed /api/Dashboard/GetTableData at 19/08/2024 11:05:39 CH
Accessed /api/Dashboard/GetRevenue at 19/08/2024 11:05:39 CH
