Accessed /api/Order at 13/08/2024 8:48:52 CH
Accessed /api/MenuItem at 13/08/2024 8:49:10 CH
Accessed /api/Order/33 at 13/08/2024 8:50:34 CH
Accessed /api/MenuItem at 13/08/2024 8:54:45 CH
Accessed /api/MenuItem/1 at 13/08/2024 8:55:09 CH
Accessed /api/MenuItem/1 at 13/08/2024 8:55:55 CH
Accessed /api/MenuItem/1 at 13/08/2024 9:00:01 CH
Accessed /api/customer at 15/08/2024 10:30:36 SA
Accessed /api/Order at 15/08/2024 10:30:43 SA
Accessed /api/Order/1 at 15/08/2024 10:30:46 SA
Accessed /api/Order at 15/08/2024 10:31:16 SA
Accessed /api/Order/1 at 15/08/2024 10:31:19 SA
Accessed /api/MenuItem at 15/08/2024 10:31:50 SA
Accessed /api/MenuItem at 15/08/2024 10:31:54 SA
Accessed /api/Order at 15/08/2024 10:31:55 SA
Accessed /api/Order/1 at 15/08/2024 10:31:57 SA
Accessed /api/Order/1 at 15/08/2024 10:48:48 SA
Accessed /api/MenuItem at 15/08/2024 10:48:49 SA
Accessed /api/table at 15/08/2024 5:43:02 CH
Accessed /api/MenuItem at 15/08/2024 5:43:30 CH
Accessed /api/table at 15/08/2024 5:43:44 CH
Accessed /api/MenuItem at 15/08/2024 5:44:52 CH
Accessed /api/Order at 15/08/2024 5:45:16 CH
Accessed /api/Order/1 at 15/08/2024 5:45:17 CH
Accessed /api/MenuItem at 15/08/2024 5:45:18 CH
Accessed /api/MenuItem at 15/08/2024 5:46:41 CH
Accessed /api/Order at 15/08/2024 5:51:20 CH
Accessed /api/table at 15/08/2024 5:56:32 CH
Accessed /api/table/1 at 15/08/2024 5:56:33 CH
Accessed /api/MenuItem at 15/08/2024 8:28:43 CH
Accessed /api/table at 15/08/2024 8:28:47 CH
Accessed /api/table/index at 15/08/2024 8:28:47 CH
Accessed /api/table/index at 15/08/2024 8:28:48 CH
Accessed /api/table/index at 15/08/2024 8:35:27 CH
Accessed /api/table/index at 15/08/2024 8:35:32 CH
Accessed /api/table at 15/08/2024 8:41:58 CH
Accessed /api/table/index at 15/08/2024 8:45:00 CH
Accessed /api/table/index at 15/08/2024 8:45:15 CH
Accessed /api/table/index at 15/08/2024 8:46:35 CH
Accessed /api/table/index at 15/08/2024 8:47:29 CH
Accessed /api/customer at 16/08/2024 3:58:43 CH
Accessed /api/table at 16/08/2024 3:58:45 CH
Accessed /api/table/index at 16/08/2024 3:58:45 CH
Accessed /api/table/index at 16/08/2024 3:58:45 CH
Accessed /api/Order at 16/08/2024 3:59:08 CH
Accessed /api/Order at 16/08/2024 4:01:42 CH
Accessed /api/Order at 16/08/2024 4:03:59 CH
Accessed /api/Order at 16/08/2024 4:04:40 CH
Accessed /api/customer at 16/08/2024 4:12:45 CH
Accessed /api/MenuItem at 16/08/2024 4:12:47 CH
Accessed /api/table/index at 16/08/2024 4:12:47 CH
Accessed /api/table at 16/08/2024 4:12:47 CH
Accessed /api/table/index at 16/08/2024 4:12:47 CH
Accessed /api/Order at 16/08/2024 4:12:48 CH
Accessed /api/MenuItem at 16/08/2024 4:12:50 CH
Accessed /api/Order at 16/08/2024 4:12:51 CH
Accessed /api/table/index at 16/08/2024 4:12:52 CH
Accessed /api/table at 16/08/2024 4:12:52 CH
Accessed /api/table/index at 16/08/2024 4:12:52 CH
Accessed /api/MenuItem at 16/08/2024 4:12:53 CH
Accessed /api/MenuItem/4 at 16/08/2024 4:12:57 CH
Accessed /api/MenuItem/4 at 16/08/2024 4:13:08 CH
Accessed /api/MenuItem at 16/08/2024 4:13:12 CH
Accessed /api/MenuItem at 16/08/2024 4:13:15 CH
Accessed /api/Order at 16/08/2024 4:13:27 CH
Accessed /api/MenuItem at 16/08/2024 4:15:19 CH
Accessed /api/table/index at 16/08/2024 4:15:23 CH
Accessed /api/table at 16/08/2024 4:15:23 CH
Accessed /api/table/index at 16/08/2024 4:15:23 CH
Accessed /api/Order at 16/08/2024 4:15:24 CH
Accessed /api/table at 16/08/2024 4:15:38 CH
Accessed /api/table/index at 16/08/2024 4:15:38 CH
Accessed /api/table/index at 16/08/2024 4:15:38 CH
Accessed /api/MenuItem at 16/08/2024 4:15:39 CH
Accessed /api/table/index at 16/08/2024 4:15:40 CH
Accessed /api/table at 16/08/2024 4:15:40 CH
Accessed /api/table/index at 16/08/2024 4:15:40 CH
Accessed /api/Order at 16/08/2024 4:15:41 CH
Accessed /api/table at 16/08/2024 4:17:50 CH
Accessed /api/table/index at 16/08/2024 4:17:50 CH
Accessed /api/table/index at 16/08/2024 4:17:50 CH
Accessed /api/Order at 16/08/2024 4:17:51 CH
Accessed /api/customer at 16/08/2024 7:40:41 CH
Accessed /api/table at 16/08/2024 7:40:43 CH
Accessed /api/table/index at 16/08/2024 7:40:43 CH
Accessed /api/table/index at 16/08/2024 7:40:43 CH
Accessed /api/MenuItem at 16/08/2024 7:40:46 CH
Accessed /api/table at 16/08/2024 7:40:47 CH
Accessed /api/table/index at 16/08/2024 7:40:47 CH
Accessed /api/table/index at 16/08/2024 7:40:47 CH
Accessed /api/Order at 16/08/2024 7:40:47 CH
Accessed /api/customer at 17/08/2024 8:12:28 CH
Accessed /api/MenuItem at 17/08/2024 8:12:34 CH
Accessed /api/table at 17/08/2024 8:12:41 CH
Accessed /api/table/index at 17/08/2024 8:12:41 CH
Accessed /api/table/index at 17/08/2024 8:12:41 CH
Accessed /api/MenuItem at 17/08/2024 8:12:42 CH
Accessed /api/table/index at 17/08/2024 8:16:34 CH
Accessed /api/table at 17/08/2024 8:16:34 CH
Accessed /api/table/index at 17/08/2024 8:16:34 CH
Accessed /api/MenuItem at 17/08/2024 8:16:35 CH
Accessed /api/Order at 17/08/2024 8:16:37 CH
Accessed /api/Order/70 at 17/08/2024 8:16:54 CH
Accessed /api/MenuItem at 17/08/2024 8:16:54 CH
Accessed /api/Order at 17/08/2024 8:16:58 CH
Accessed /api/Order/73 at 17/08/2024 8:17:01 CH
Accessed /api/MenuItem at 17/08/2024 8:17:01 CH
Accessed /api/Order/73 at 17/08/2024 8:17:08 CH
Accessed /api/Order/73 at 17/08/2024 8:17:13 CH
Accessed /api/Order/73 at 17/08/2024 8:17:19 CH
Accessed /api/MenuItem at 17/08/2024 8:20:19 CH
Accessed /api/table at 17/08/2024 8:20:20 CH
Accessed /api/table/index at 17/08/2024 8:20:20 CH
Accessed /api/table/index at 17/08/2024 8:20:20 CH
Accessed /api/MenuItem at 17/08/2024 8:21:04 CH
Accessed /api/MenuItem at 17/08/2024 8:22:18 CH
Accessed /api/table at 17/08/2024 8:22:19 CH
Accessed /api/table/index at 17/08/2024 8:22:19 CH
Accessed /api/table/index at 17/08/2024 8:22:19 CH
Accessed /api/MenuItem at 17/08/2024 8:22:19 CH
Accessed /api/table/index at 17/08/2024 8:22:21 CH
Accessed /api/table at 17/08/2024 8:22:21 CH
Accessed /api/table/index at 17/08/2024 8:22:21 CH
Accessed /api/MenuItem at 17/08/2024 8:22:22 CH
Accessed /api/Order at 17/08/2024 8:22:25 CH
Accessed /api/Order/74 at 17/08/2024 8:22:53 CH
Accessed /api/MenuItem at 17/08/2024 8:22:53 CH
Accessed /api/Order at 17/08/2024 8:22:55 CH
Accessed /api/MenuItem at 17/08/2024 8:23:30 CH
Accessed /api/Order at 17/08/2024 8:23:31 CH
Accessed /api/table/index at 17/08/2024 8:23:33 CH
Accessed /api/table at 17/08/2024 8:23:33 CH
Accessed /api/table/index at 17/08/2024 8:23:33 CH
Accessed /api/MenuItem at 17/08/2024 8:23:34 CH
Accessed /api/Order at 17/08/2024 8:23:55 CH
Accessed /api/MenuItem at 19/08/2024 4:37:15 CH
Accessed /api/Order at 19/08/2024 4:37:40 CH
Accessed /api/OrderItem at 19/08/2024 4:37:40 CH
Accessed /api/Order at 19/08/2024 4:38:38 CH
Accessed /api/OrderItem at 19/08/2024 4:38:38 CH
Accessed /api/Order at 19/08/2024 4:39:33 CH
Accessed /api/OrderItem at 19/08/2024 4:39:33 CH
Accessed /api/Order/305 at 19/08/2024 4:39:35 CH
Accessed /api/MenuItem at 19/08/2024 4:39:35 CH
Accessed /api/Payment at 19/08/2024 4:39:53 CH
Accessed /api/Order at 19/08/2024 4:39:55 CH
Accessed /api/Order/302 at 19/08/2024 4:40:16 CH
Accessed /api/MenuItem at 19/08/2024 4:40:16 CH
Accessed /api/Order at 19/08/2024 4:40:31 CH
Accessed /api/Order/304 at 19/08/2024 4:40:50 CH
Accessed /api/MenuItem at 19/08/2024 4:40:50 CH
Accessed /api/MenuItem at 19/08/2024 4:40:55 CH
Accessed /api/MenuItem at 19/08/2024 4:41:09 CH
Accessed /api/Order at 19/08/2024 4:41:12 CH
Accessed /api/Order/302 at 19/08/2024 4:41:16 CH
Accessed /api/Order/303 at 19/08/2024 4:41:19 CH
Accessed /api/Order/304 at 19/08/2024 4:41:23 CH
Accessed /api/MenuItem at 19/08/2024 4:42:05 CH
Accessed /api/table at 19/08/2024 4:42:07 CH
Accessed /api/table/index at 19/08/2024 4:42:07 CH
Accessed /api/table/index at 19/08/2024 4:42:07 CH
Accessed /api/table/1 at 19/08/2024 4:42:21 CH
Accessed /api/Reservation at 19/08/2024 4:42:52 CH
Accessed /api/Reservation at 19/08/2024 4:43:06 CH
Accessed /api/table at 19/08/2024 4:43:11 CH
Accessed /api/table/index at 19/08/2024 4:43:11 CH
Accessed /api/table/index at 19/08/2024 4:43:11 CH
Accessed /api/table/index at 19/08/2024 4:44:14 CH
Accessed /api/table at 19/08/2024 4:44:14 CH
Accessed /api/table/index at 19/08/2024 4:44:14 CH
Accessed /api/Reservation at 19/08/2024 4:44:31 CH
Accessed /api/Reservation/201 at 19/08/2024 4:44:58 CH
Accessed /api/Reservation/201 at 19/08/2024 4:46:44 CH
Accessed /api/Reservation/201 at 19/08/2024 4:46:47 CH
Accessed /api/MenuItem at 19/08/2024 4:47:50 CH
Accessed /api/table at 19/08/2024 4:47:52 CH
Accessed /api/table/index at 19/08/2024 4:47:52 CH
Accessed /api/table/index at 19/08/2024 4:47:52 CH
Accessed /api/table/1 at 19/08/2024 4:47:53 CH
Accessed /api/table/1 at 19/08/2024 4:48:24 CH
Accessed /api/table/1 at 19/08/2024 4:49:35 CH
Accessed /api/table/1 at 19/08/2024 4:49:46 CH
Accessed /api/customer at 19/08/2024 4:50:06 CH
Accessed /api/customer/1 at 19/08/2024 4:50:08 CH
Accessed /api/Employee at 19/08/2024 4:50:12 CH
Accessed /api/Employee/1 at 19/08/2024 4:50:14 CH
Accessed /api/MenuItem at 19/08/2024 4:50:18 CH
Accessed /api/MenuItem/1 at 19/08/2024 4:50:19 CH
Accessed /api/Order at 19/08/2024 4:50:22 CH
Accessed /api/Order/301 at 19/08/2024 4:50:25 CH
Accessed /api/MenuItem at 19/08/2024 4:50:25 CH
Accessed /api/Reservation at 19/08/2024 4:50:29 CH
Accessed /api/Reservation/1 at 19/08/2024 4:50:31 CH
Accessed /api/Reservation at 19/08/2024 4:50:38 CH
Accessed /api/MenuItem at 19/08/2024 4:50:54 CH
Accessed /api/customer at 19/08/2024 4:50:55 CH
Accessed /api/customer/1 at 19/08/2024 4:51:39 CH
Accessed /api/customer/1 at 19/08/2024 4:53:21 CH
Accessed /api/Employee at 19/08/2024 4:55:11 CH
Accessed /api/customer at 19/08/2024 4:55:11 CH
Accessed /api/MenuItem at 19/08/2024 4:55:19 CH
Accessed /api/Order at 19/08/2024 4:56:18 CH
Accessed /api/OrderItem at 19/08/2024 4:56:18 CH
Accessed /api/Order/306 at 19/08/2024 4:56:20 CH
Accessed /api/MenuItem at 19/08/2024 4:56:20 CH
Accessed /api/Payment at 19/08/2024 4:56:33 CH
Accessed /api/Order at 19/08/2024 4:56:34 CH
Accessed /api/Dashboard/GetTableData at 19/08/2024 8:17:08 CH
Accessed /api/Dashboard/GetItems at 19/08/2024 8:17:08 CH
Accessed /api/Dashboard/GetRevenue at 19/08/2024 8:17:08 CH
Accessed /api/Dashboard/GetCustomers at 19/08/2024 8:17:08 CH
Accessed /api/customer at 19/08/2024 8:17:20 CH
Accessed /api/Employee at 19/08/2024 8:17:22 CH
Accessed /api/MenuItem at 19/08/2024 8:19:45 CH
Accessed /api/Dashboard/GetItems at 19/08/2024 8:19:47 CH
Accessed /api/Dashboard/GetRevenue at 19/08/2024 8:19:47 CH
Accessed /api/Dashboard/GetTableData at 19/08/2024 8:19:47 CH
Accessed /api/Dashboard/GetCustomers at 19/08/2024 8:19:47 CH
Accessed /api/customer at 19/08/2024 8:19:59 CH
Accessed /api/MenuItem at 19/08/2024 8:22:56 CH
Accessed /api/Dashboard/GetItems at 19/08/2024 8:37:06 CH
Accessed /api/Dashboard/GetCustomers at 19/08/2024 8:37:06 CH
Accessed /api/Dashboard/GetTableData at 19/08/2024 8:37:06 CH
Accessed /api/Dashboard/GetRevenue at 19/08/2024 8:37:06 CH
Accessed /api/MenuItem at 19/08/2024 8:37:11 CH
Accessed /api/table/index at 19/08/2024 8:37:11 CH
Accessed /api/table at 19/08/2024 8:37:11 CH
Accessed /api/table/index at 19/08/2024 8:37:12 CH
Accessed /api/table/1 at 19/08/2024 8:37:13 CH
Accessed /api/Reservation at 19/08/2024 8:37:24 CH
Accessed /api/Reservation at 19/08/2024 8:37:40 CH
Accessed /api/table/1 at 19/08/2024 8:38:32 CH
Accessed /api/Reservation at 19/08/2024 8:38:49 CH
Accessed /api/table/1 at 19/08/2024 8:40:02 CH
Accessed /api/Reservation at 19/08/2024 8:40:18 CH
Accessed /api/Reservation at 19/08/2024 8:40:50 CH
Accessed /api/Reservation at 19/08/2024 8:41:02 CH
Accessed /api/Reservation at 19/08/2024 8:41:21 CH
Accessed /api/Reservation at 19/08/2024 8:41:35 CH
Accessed /api/table/1 at 19/08/2024 8:44:39 CH
Accessed /api/Reservation at 19/08/2024 8:44:51 CH
Accessed /api/Reservation at 19/08/2024 8:45:03 CH
Accessed /api/Reservation at 19/08/2024 8:45:25 CH
Accessed /api/Reservation at 19/08/2024 8:45:33 CH
Accessed /api/Reservation at 19/08/2024 8:46:01 CH
Accessed /api/table/1 at 19/08/2024 8:46:21 CH
Accessed /api/Reservation at 19/08/2024 8:46:40 CH
Accessed /api/Reservation at 19/08/2024 8:48:02 CH
Accessed /api/Reservation at 19/08/2024 8:48:11 CH
Accessed /api/Reservation at 19/08/2024 8:48:33 CH
Accessed /api/Reservation at 19/08/2024 8:50:32 CH
Accessed /api/Reservation at 19/08/2024 8:55:07 CH
Accessed /api/table/1 at 19/08/2024 8:56:19 CH
Accessed /api/Reservation at 19/08/2024 8:56:35 CH
Accessed /api/Dashboard/GetItems at 19/08/2024 8:58:38 CH
Accessed /api/Dashboard/GetCustomers at 19/08/2024 8:58:38 CH
Accessed /api/Dashboard/GetTableData at 19/08/2024 8:58:38 CH
Accessed /api/Dashboard/GetRevenue at 19/08/2024 8:58:38 CH
Accessed /api/Dashboard/GetItems at 19/08/2024 8:58:40 CH
Accessed /api/Dashboard/GetCustomers at 19/08/2024 8:58:40 CH
Accessed /api/Dashboard/GetRevenue at 19/08/2024 8:58:40 CH
Accessed /api/Dashboard/GetTableData at 19/08/2024 8:58:40 CH
Accessed /api/MenuItem at 19/08/2024 8:58:42 CH
Accessed /api/table at 19/08/2024 8:58:44 CH
Accessed /api/table/index at 19/08/2024 8:58:44 CH
Accessed /api/table/index at 19/08/2024 8:58:44 CH
Accessed /api/table/1 at 19/08/2024 8:58:47 CH
Accessed /api/Reservation at 19/08/2024 8:59:04 CH
Accessed /api/Reservation at 19/08/2024 8:59:12 CH
Accessed /api/Reservation at 19/08/2024 8:59:33 CH
Accessed /api/table/1 at 19/08/2024 8:59:53 CH
Accessed /api/Reservation at 19/08/2024 9:00:06 CH
Accessed /api/table/1 at 19/08/2024 9:02:13 CH
Accessed /api/Reservation at 19/08/2024 9:02:25 CH
Accessed /api/Reservation at 19/08/2024 9:02:53 CH
Accessed /api/table/1 at 19/08/2024 9:03:18 CH
Accessed /api/table/1 at 19/08/2024 9:03:25 CH
Accessed /api/Reservation at 19/08/2024 9:03:39 CH
Accessed /api/table/1 at 19/08/2024 9:06:04 CH
Accessed /api/Reservation at 19/08/2024 9:06:17 CH
Accessed /api/Reservation at 19/08/2024 9:06:29 CH
Accessed /api/Reservation at 19/08/2024 9:06:33 CH
Accessed /api/Reservation at 19/08/2024 9:08:28 CH
Accessed /api/table/1 at 19/08/2024 9:10:58 CH
Accessed /api/Reservation at 19/08/2024 9:11:09 CH
Accessed /api/Reservation at 19/08/2024 9:11:26 CH
Accessed /api/table/1 at 19/08/2024 9:11:51 CH
Accessed /api/Reservation at 19/08/2024 9:12:11 CH
Accessed /api/Reservation at 19/08/2024 9:12:18 CH
Accessed /api/table/1 at 19/08/2024 9:13:57 CH
Accessed /api/Reservation at 19/08/2024 9:14:11 CH
Accessed /api/Reservation at 19/08/2024 9:14:25 CH
Accessed /api/Reservation at 19/08/2024 9:14:30 CH
Accessed /api/Reservation at 19/08/2024 9:14:39 CH
Accessed /api/Reservation at 19/08/2024 9:14:43 CH
Accessed /api/table/1 at 19/08/2024 9:15:05 CH
Accessed /api/Reservation at 19/08/2024 9:15:17 CH
Accessed /api/table/1 at 19/08/2024 9:15:38 CH
Accessed /api/table/1 at 19/08/2024 9:17:04 CH
Accessed /api/Reservation at 19/08/2024 9:17:20 CH
Accessed /api/Reservation at 19/08/2024 9:17:25 CH
Accessed /api/Reservation at 19/08/2024 9:17:42 CH
Accessed /api/Reservation at 19/08/2024 9:17:46 CH
Accessed /api/Reservation at 19/08/2024 9:17:51 CH
Accessed /api/Reservation at 19/08/2024 9:18:00 CH
Accessed /api/Reservation at 19/08/2024 9:18:10 CH
Accessed /api/Reservation at 19/08/2024 9:18:29 CH
Accessed /api/Reservation at 19/08/2024 9:18:35 CH
Accessed /api/Dashboard/GetItems at 19/08/2024 9:33:22 CH
Accessed /api/Dashboard/GetCustomers at 19/08/2024 9:33:22 CH
Accessed /api/Dashboard/GetRevenue at 19/08/2024 9:33:22 CH
Accessed /api/Dashboard/GetTableData at 19/08/2024 9:33:22 CH
Accessed /api/MenuItem at 19/08/2024 9:33:27 CH
Accessed /api/Dashboard/GetItems at 19/08/2024 9:33:52 CH
Accessed /api/Dashboard/GetCustomers at 19/08/2024 9:33:52 CH
Accessed /api/Dashboard/GetTableData at 19/08/2024 9:33:52 CH
Accessed /api/Dashboard/GetRevenue at 19/08/2024 9:33:52 CH
Accessed /api/table/index at 19/08/2024 9:34:18 CH
Accessed /api/table at 19/08/2024 9:34:18 CH
Accessed /api/table/index at 19/08/2024 9:34:18 CH
Accessed /api/Dashboard/GetCustomers at 19/08/2024 9:34:19 CH
Accessed /api/Dashboard/GetItems at 19/08/2024 9:34:19 CH
Accessed /api/Dashboard/GetRevenue at 19/08/2024 9:34:19 CH
Accessed /api/Dashboard/GetTableData at 19/08/2024 9:34:19 CH
Accessed /api/Dashboard/GetItems at 19/08/2024 10:00:36 CH
Accessed /api/Dashboard/GetRevenue at 19/08/2024 10:00:36 CH
Accessed /api/Dashboard/GetCustomers at 19/08/2024 10:00:36 CH
Accessed /api/Dashboard/GetTableData at 19/08/2024 10:00:36 CH
Accessed /api/Dashboard/GetRevenue at 19/08/2024 10:00:48 CH
Accessed /api/Dashboard/GetCustomers at 19/08/2024 10:00:48 CH
Accessed /api/Dashboard/GetTableData at 19/08/2024 10:00:48 CH
Accessed /api/Dashboard/GetItems at 19/08/2024 10:00:48 CH
Accessed /api/Dashboard/GetTableData at 19/08/2024 10:02:51 CH
Accessed /api/Dashboard/GetRevenue at 19/08/2024 10:02:51 CH
Accessed /api/Dashboard/GetCustomers at 19/08/2024 10:02:51 CH
Accessed /api/Dashboard/GetRevenue at 19/08/2024 10:02:55 CH
Accessed /api/Dashboard/GetTableData at 19/08/2024 10:02:55 CH
Accessed /api/Dashboard/GetCustomers at 19/08/2024 10:02:55 CH
Accessed /api/Dashboard/GetItems at 19/08/2024 10:03:14 CH
Accessed /api/Dashboard/GetRevenue at 19/08/2024 10:03:14 CH
Accessed /api/Dashboard/GetCustomers at 19/08/2024 10:03:14 CH
Accessed /api/Dashboard/GetTableData at 19/08/2024 10:03:14 CH
Accessed /api/Dashboard/GetRevenue at 19/08/2024 10:03:34 CH
Accessed /api/Dashboard/GetCustomers at 19/08/2024 10:03:34 CH
Accessed /api/Dashboard/GetTableData at 19/08/2024 10:03:34 CH
Accessed /api/Dashboard/GetItems at 19/08/2024 10:03:34 CH
Accessed /api/Dashboard/GetTableData at 19/08/2024 10:03:45 CH
Accessed /api/Dashboard/GetRevenue at 19/08/2024 10:03:45 CH
Accessed /api/Dashboard/GetItems at 19/08/2024 10:03:45 CH
Accessed /api/Dashboard/GetCustomers at 19/08/2024 10:03:45 CH
Accessed /api/Dashboard/GetCustomers at 19/08/2024 10:03:49 CH
Accessed /api/Dashboard/GetItems at 19/08/2024 10:03:49 CH
Accessed /api/Dashboard/GetRevenue at 19/08/2024 10:03:49 CH
Accessed /api/Dashboard/GetTableData at 19/08/2024 10:03:49 CH
Accessed /api/Dashboard/GetRevenue at 19/08/2024 10:04:04 CH
Accessed /api/Dashboard/GetCustomers at 19/08/2024 10:04:04 CH
Accessed /api/Dashboard/GetTableData at 19/08/2024 10:04:04 CH
Accessed /api/Dashboard/GetItems at 19/08/2024 10:04:04 CH
Accessed /api/Dashboard/GetTableData at 19/08/2024 10:04:07 CH
Accessed /api/Dashboard/GetCustomers at 19/08/2024 10:04:07 CH
Accessed /api/Dashboard/GetRevenue at 19/08/2024 10:04:07 CH
Accessed /api/Dashboard/GetItems at 19/08/2024 10:04:07 CH
Accessed /api/MenuItem at 19/08/2024 10:05:32 CH
Accessed /api/Account/me at 19/08/2024 10:11:11 CH
Accessed /api/MenuItem at 19/08/2024 10:11:11 CH
Accessed /api/Account/me at 19/08/2024 10:12:35 CH
Accessed /api/MenuItem at 19/08/2024 10:12:35 CH
Accessed /api/MenuItem at 19/08/2024 10:13:45 CH
Accessed /api/Account/me at 19/08/2024 10:13:45 CH
Accessed /api/MenuItem at 19/08/2024 10:18:48 CH
Accessed /api/Account/me at 19/08/2024 10:18:48 CH
Accessed /api/Dashboard/GetRevenue at 19/08/2024 10:18:54 CH
Accessed /api/Dashboard/GetTableData at 19/08/2024 10:18:54 CH
Accessed /api/Dashboard/GetCustomers at 19/08/2024 10:18:54 CH
Accessed /api/Dashboard/GetItems at 19/08/2024 10:18:54 CH
Accessed /api/Account/me at 19/08/2024 10:19:34 CH
Accessed /api/Dashboard/GetItems at 19/08/2024 10:19:34 CH
Accessed /api/Dashboard/GetTableData at 19/08/2024 10:19:34 CH
Accessed /api/Dashboard/GetRevenue at 19/08/2024 10:19:34 CH
Accessed /api/Dashboard/GetCustomers at 19/08/2024 10:19:34 CH
Accessed /api/Dashboard/GetTableData at 19/08/2024 10:19:54 CH
Accessed /api/Dashboard/GetCustomers at 19/08/2024 10:19:54 CH
Accessed /api/Dashboard/GetItems at 19/08/2024 10:19:54 CH
Accessed /api/Dashboard/GetRevenue at 19/08/2024 10:19:54 CH
Accessed /api/Account/me at 19/08/2024 10:19:54 CH
Accessed /api/Dashboard/GetItems at 19/08/2024 10:19:56 CH
Accessed /api/Dashboard/GetRevenue at 19/08/2024 10:19:56 CH
Accessed /api/Dashboard/GetTableData at 19/08/2024 10:19:56 CH
Accessed /api/Dashboard/GetCustomers at 19/08/2024 10:19:56 CH
Accessed /api/Account/me at 19/08/2024 10:19:56 CH
Accessed /api/Account/me at 19/08/2024 10:21:42 CH
Accessed /api/Account/me at 19/08/2024 10:21:44 CH
Accessed /api/Dashboard/GetTableData at 19/08/2024 10:22:01 CH
Accessed /api/Dashboard/GetRevenue at 19/08/2024 10:22:01 CH
Accessed /api/Dashboard/GetItems at 19/08/2024 10:22:01 CH
Accessed /api/Dashboard/GetCustomers at 19/08/2024 10:22:01 CH
Accessed /api/Account/me at 19/08/2024 10:22:01 CH
Accessed /api/Account/me at 19/08/2024 10:22:18 CH
Accessed /api/Account/me at 19/08/2024 10:29:53 CH
Accessed /api/Account/me at 19/08/2024 10:30:04 CH
Accessed /api/Account/me at 19/08/2024 10:30:57 CH
Accessed /api/Dashboard/GetItems at 19/08/2024 10:30:57 CH
Accessed /api/Dashboard/GetTableData at 19/08/2024 10:30:57 CH
Accessed /api/Dashboard/GetRevenue at 19/08/2024 10:30:57 CH
Accessed /api/Dashboard/GetCustomers at 19/08/2024 10:30:57 CH
Accessed /api/Account/me at 19/08/2024 10:31:30 CH
Accessed /api/Dashboard/GetCustomers at 19/08/2024 10:34:35 CH
Accessed /api/Dashboard/GetItems at 19/08/2024 10:34:35 CH
Accessed /api/Dashboard/GetTableData at 19/08/2024 10:34:35 CH
Accessed /api/Dashboard/GetRevenue at 19/08/2024 10:34:35 CH
Accessed /api/Account/me at 19/08/2024 10:34:35 CH
Accessed /api/Dashboard/GetItems at 19/08/2024 10:34:46 CH
Accessed /api/Dashboard/GetCustomers at 19/08/2024 10:34:46 CH
Accessed /api/Dashboard/GetRevenue at 19/08/2024 10:34:46 CH
Accessed /api/Dashboard/GetTableData at 19/08/2024 10:34:46 CH
Accessed /api/Account/me at 19/08/2024 10:34:46 CH
Accessed /api/Dashboard/GetCustomers at 19/08/2024 10:35:14 CH
Accessed /api/Dashboard/GetItems at 19/08/2024 10:35:14 CH
Accessed /api/Account/me at 19/08/2024 10:35:14 CH
Accessed /api/Dashboard/GetTableData at 19/08/2024 10:35:14 CH
Accessed /api/Dashboard/GetRevenue at 19/08/2024 10:35:14 CH
Accessed /api/Dashboard/GetTableData at 19/08/2024 10:36:09 CH
Accessed /api/Dashboard/GetCustomers at 19/08/2024 10:36:09 CH
Accessed /api/Dashboard/GetItems at 19/08/2024 10:36:09 CH
Accessed /api/Account/me at 19/08/2024 10:36:09 CH
Accessed /api/Dashboard/GetRevenue at 19/08/2024 10:36:09 CH
Accessed /api/Account/me at 19/08/2024 10:44:38 CH
Accessed /api/Dashboard/GetRevenue at 19/08/2024 10:44:56 CH
Accessed /api/Dashboard/GetTableData at 19/08/2024 10:44:56 CH
Accessed /api/Dashboard/GetCustomers at 19/08/2024 10:44:56 CH
Accessed /api/Dashboard/GetItems at 19/08/2024 10:44:56 CH
Accessed /api/MenuItem at 19/08/2024 10:44:57 CH
Accessed /api/Reservation at 19/08/2024 10:45:02 CH
Accessed /api/Dashboard/GetRevenue at 19/08/2024 10:59:16 CH
Accessed /api/Account/me at 19/08/2024 10:59:16 CH
Accessed /api/Dashboard/GetItems at 19/08/2024 10:59:16 CH
Accessed /api/Dashboard/GetCustomers at 19/08/2024 10:59:16 CH
Accessed /api/Dashboard/GetTableData at 19/08/2024 10:59:16 CH
Accessed /api/Dashboard/GetItems at 19/08/2024 10:59:31 CH
Accessed /api/Dashboard/GetTableData at 19/08/2024 10:59:31 CH
Accessed /api/Dashboard/GetRevenue at 19/08/2024 10:59:31 CH
Accessed /api/Account/me at 19/08/2024 10:59:31 CH
Accessed /api/Dashboard/GetCustomers at 19/08/2024 10:59:31 CH
Accessed /api/Account/me at 19/08/2024 11:08:29 CH
Accessed /api/Dashboard/GetItems at 19/08/2024 11:08:29 CH
Accessed /api/Dashboard/GetCustomers at 19/08/2024 11:08:29 CH
Accessed /api/Dashboard/GetTableData at 19/08/2024 11:08:29 CH
Accessed /api/Dashboard/GetRevenue at 19/08/2024 11:08:29 CH
Accessed /api/Account/me at 19/08/2024 11:10:28 CH
Accessed /api/Account/me at 19/08/2024 11:11:19 CH
Accessed /api/Account/me at 19/08/2024 11:13:09 CH
Accessed /api/Dashboard/GetItems at 19/08/2024 11:13:09 CH
Accessed /api/Dashboard/GetCustomers at 19/08/2024 11:13:09 CH
Accessed /api/Dashboard/GetRevenue at 19/08/2024 11:13:09 CH
Accessed /api/Dashboard/GetTableData at 19/08/2024 11:13:09 CH
Accessed /api/Dashboard/GetItems at 19/08/2024 11:13:30 CH
Accessed /api/Dashboard/GetTableData at 19/08/2024 11:13:30 CH
Accessed /api/Dashboard/GetRevenue at 19/08/2024 11:13:30 CH
Accessed /api/Dashboard/GetCustomers at 19/08/2024 11:13:30 CH
Accessed /api/Account/me at 19/08/2024 11:13:30 CH
Accessed /api/Dashboard/GetCustomers at 19/08/2024 11:15:03 CH
Accessed /api/Dashboard/GetTableData at 19/08/2024 11:15:03 CH
Accessed /api/Dashboard/GetRevenue at 19/08/2024 11:15:04 CH
Accessed /api/Account/me at 19/08/2024 11:15:04 CH
Accessed /api/Dashboard/GetItems at 19/08/2024 11:15:04 CH
Accessed /api/Account/me at 19/08/2024 11:16:15 CH
Accessed /api/Dashboard/GetRevenue at 19/08/2024 11:16:15 CH
Accessed /api/Dashboard/GetCustomers at 19/08/2024 11:16:15 CH
Accessed /api/Dashboard/GetItems at 19/08/2024 11:16:15 CH
Accessed /api/Dashboard/GetTableData at 19/08/2024 11:16:15 CH
Accessed /api/Dashboard/GetItems at 19/08/2024 11:19:38 CH
Accessed /api/Dashboard/GetCustomers at 19/08/2024 11:19:38 CH
Accessed /api/Dashboard/GetTableData at 19/08/2024 11:19:38 CH
Accessed /api/Dashboard/GetRevenue at 19/08/2024 11:19:38 CH
Accessed /api/Account/me at 19/08/2024 11:19:38 CH
Accessed /api/Account/me at 19/08/2024 11:20:12 CH
Accessed /api/Account/me at 19/08/2024 11:20:33 CH
Accessed /api/Account/me at 19/08/2024 11:24:07 CH
Accessed /api/Dashboard/GetItems at 19/08/2024 11:24:07 CH
Accessed /api/Dashboard/GetRevenue at 19/08/2024 11:24:07 CH
Accessed /api/Dashboard/GetCustomers at 19/08/2024 11:24:07 CH
Accessed /api/Dashboard/GetTableData at 19/08/2024 11:24:07 CH
Accessed /api/Dashboard/GetRevenue at 19/08/2024 11:24:14 CH
Accessed /api/Dashboard/GetItems at 19/08/2024 11:24:14 CH
Accessed /api/Dashboard/GetTableData at 19/08/2024 11:24:14 CH
Accessed /api/Account/me at 19/08/2024 11:24:14 CH
Accessed /api/Dashboard/GetCustomers at 19/08/2024 11:24:14 CH
Accessed /api/Dashboard/GetCustomers at 19/08/2024 11:27:50 CH
Accessed /api/Dashboard/GetTableData at 19/08/2024 11:27:50 CH
Accessed /api/Dashboard/GetItems at 19/08/2024 11:27:50 CH
Accessed /api/Dashboard/GetRevenue at 19/08/2024 11:27:50 CH
Accessed /api/Account/me at 19/08/2024 11:27:50 CH
Accessed /api/Account/me at 19/08/2024 11:28:37 CH
Accessed /api/Account/me at 19/08/2024 11:31:11 CH
Accessed /api/Dashboard/GetItems at 19/08/2024 11:31:12 CH
Accessed /api/Dashboard/GetCustomers at 19/08/2024 11:31:12 CH
Accessed /api/Dashboard/GetRevenue at 19/08/2024 11:31:12 CH
Accessed /api/Dashboard/GetTableData at 19/08/2024 11:31:12 CH
Accessed /api/Account/me at 19/08/2024 11:31:18 CH
Accessed /api/Dashboard/GetRevenue at 19/08/2024 11:31:18 CH
Accessed /api/Dashboard/GetCustomers at 19/08/2024 11:31:18 CH
Accessed /api/Dashboard/GetTableData at 19/08/2024 11:31:18 CH
Accessed /api/Dashboard/GetItems at 19/08/2024 11:31:18 CH
Accessed /api/Account/me at 19/08/2024 11:31:50 CH
Accessed /api/Account/me at 19/08/2024 11:31:56 CH
Accessed /api/Dashboard/GetItems at 19/08/2024 11:31:56 CH
Accessed /api/Dashboard/GetCustomers at 19/08/2024 11:31:56 CH
Accessed /api/Dashboard/GetRevenue at 19/08/2024 11:31:56 CH
Accessed /api/Dashboard/GetTableData at 19/08/2024 11:31:56 CH
Accessed /api/Account/me at 19/08/2024 11:32:22 CH
Accessed /api/Account/me at 19/08/2024 11:43:20 CH
Accessed /api/Dashboard/GetItems at 19/08/2024 11:43:20 CH
Accessed /api/Dashboard/GetTableData at 19/08/2024 11:43:20 CH
Accessed /api/Dashboard/GetRevenue at 19/08/2024 11:43:20 CH
Accessed /api/Dashboard/GetCustomers at 19/08/2024 11:43:20 CH
Accessed /api/Account/me at 19/08/2024 11:45:52 CH
Accessed /api/Dashboard/GetTableData at 19/08/2024 11:45:52 CH
Accessed /api/Dashboard/GetItems at 19/08/2024 11:45:52 CH
Accessed /api/Dashboard/GetCustomers at 19/08/2024 11:45:52 CH
Accessed /api/Dashboard/GetRevenue at 19/08/2024 11:45:52 CH
Accessed /api/Account/me at 19/08/2024 11:46:12 CH
Accessed /api/Dashboard/GetItems at 19/08/2024 11:46:12 CH
Accessed /api/Dashboard/GetRevenue at 19/08/2024 11:46:12 CH
Accessed /api/Dashboard/GetTableData at 19/08/2024 11:46:12 CH
Accessed /api/Dashboard/GetCustomers at 19/08/2024 11:46:12 CH
Accessed /api/Account/me at 19/08/2024 11:46:46 CH
Accessed /api/Dashboard/GetCustomers at 19/08/2024 11:46:46 CH
Accessed /api/Dashboard/GetTableData at 19/08/2024 11:46:46 CH
Accessed /api/Dashboard/GetRevenue at 19/08/2024 11:46:46 CH
Accessed /api/Dashboard/GetItems at 19/08/2024 11:46:46 CH
Accessed /api/MenuItem at 19/08/2024 11:47:38 CH
Accessed /api/Account/me at 19/08/2024 11:51:19 CH
Accessed /api/Dashboard/GetTableData at 19/08/2024 11:51:19 CH
Accessed /api/Dashboard/GetRevenue at 19/08/2024 11:51:19 CH
Accessed /api/Dashboard/GetCustomers at 19/08/2024 11:51:19 CH
Accessed /api/Dashboard/GetItems at 19/08/2024 11:51:19 CH
Accessed /api/Account/me at 19/08/2024 11:51:50 CH
Accessed /api/Account/me at 19/08/2024 11:51:52 CH
Accessed /api/Dashboard/GetItems at 19/08/2024 11:51:52 CH
Accessed /api/Dashboard/GetRevenue at 19/08/2024 11:51:52 CH
Accessed /api/Dashboard/GetTableData at 19/08/2024 11:51:52 CH
Accessed /api/Dashboard/GetCustomers at 19/08/2024 11:51:52 CH
Accessed /api/Account/me at 19/08/2024 11:51:54 CH
Accessed /api/Dashboard/GetItems at 19/08/2024 11:51:54 CH
Accessed /api/Dashboard/GetTableData at 19/08/2024 11:51:54 CH
Accessed /api/Dashboard/GetCustomers at 19/08/2024 11:51:54 CH
Accessed /api/Dashboard/GetRevenue at 19/08/2024 11:51:54 CH
Accessed /api/Dashboard/GetTableData at 19/08/2024 11:52:13 CH
Accessed /api/Dashboard/GetItems at 19/08/2024 11:52:13 CH
Accessed /api/Dashboard/GetRevenue at 19/08/2024 11:52:13 CH
Accessed /api/Dashboard/GetCustomers at 19/08/2024 11:52:13 CH
Accessed /api/Dashboard/GetItems at 19/08/2024 11:52:13 CH
Accessed /api/Dashboard/GetRevenue at 19/08/2024 11:52:13 CH
Accessed /api/Dashboard/GetCustomers at 19/08/2024 11:52:13 CH
Accessed /api/Dashboard/GetTableData at 19/08/2024 11:52:13 CH
Accessed /api/Dashboard/GetRevenue at 19/08/2024 11:52:19 CH
Accessed /api/Dashboard/GetTableData at 19/08/2024 11:52:19 CH
Accessed /api/Dashboard/GetItems at 19/08/2024 11:52:19 CH
Accessed /api/Dashboard/GetCustomers at 19/08/2024 11:52:19 CH
Accessed /api/Account/me at 19/08/2024 11:52:36 CH
Accessed /api/Account/me at 19/08/2024 11:52:36 CH
Accessed /api/Dashboard/GetCustomers at 19/08/2024 11:52:37 CH
Accessed /api/Dashboard/GetTableData at 19/08/2024 11:52:37 CH
Accessed /api/Dashboard/GetItems at 19/08/2024 11:52:37 CH
Accessed /api/Dashboard/GetItems at 19/08/2024 11:52:37 CH
Accessed /api/Dashboard/GetRevenue at 19/08/2024 11:52:37 CH
Accessed /api/Dashboard/GetTableData at 19/08/2024 11:52:37 CH
Accessed /api/Dashboard/GetCustomers at 19/08/2024 11:52:37 CH
Accessed /api/Dashboard/GetRevenue at 19/08/2024 11:52:37 CH
Accessed /api/MenuItem at 19/08/2024 11:53:04 CH
Accessed /api/table at 19/08/2024 11:53:05 CH
Accessed /api/table/index at 19/08/2024 11:53:05 CH
Accessed /api/table/index at 19/08/2024 11:53:06 CH
Accessed /api/table/index at 19/08/2024 11:53:21 CH
Accessed /api/table at 19/08/2024 11:53:21 CH
Accessed /api/table/index at 19/08/2024 11:53:21 CH
Accessed /api/Account/me at 19/08/2024 11:53:21 CH
Accessed /api/table at 19/08/2024 11:53:21 CH
Accessed /api/table/index at 19/08/2024 11:53:21 CH
Accessed /api/table/index at 19/08/2024 11:53:21 CH
Accessed /api/Account/me at 19/08/2024 11:54:06 CH
Accessed /api/Account/me at 19/08/2024 11:54:07 CH
Accessed /api/Account/me at 19/08/2024 11:54:11 CH
Accessed /api/table/index at 19/08/2024 11:54:11 CH
Accessed /api/table at 19/08/2024 11:54:11 CH
Accessed /api/table/index at 19/08/2024 11:54:12 CH
Accessed /api/Account/me at 20/08/2024 8:23:27 CH
Accessed /api/Dashboard/GetCustomers at 20/08/2024 8:23:28 CH
Accessed /api/Dashboard/GetRevenue at 20/08/2024 8:23:28 CH
Accessed /api/Dashboard/GetItems at 20/08/2024 8:23:28 CH
Accessed /api/Dashboard/GetTableData at 20/08/2024 8:23:28 CH
Accessed /api/MenuItem at 20/08/2024 8:23:35 CH
Accessed /api/table at 20/08/2024 8:23:38 CH
Accessed /api/table/index at 20/08/2024 8:23:38 CH
Accessed /api/table/index at 20/08/2024 8:23:38 CH
Accessed /api/customer at 20/08/2024 8:23:40 CH
Accessed /api/MenuItem at 20/08/2024 8:23:49 CH
Accessed /api/Order at 20/08/2024 8:23:51 CH
Accessed /api/Dashboard/GetRevenue at 20/08/2024 8:24:10 CH
Accessed /api/Dashboard/GetCustomers at 20/08/2024 8:24:10 CH
Accessed /api/Dashboard/GetTableData at 20/08/2024 8:24:10 CH
Accessed /api/Dashboard/GetItems at 20/08/2024 8:24:10 CH
Accessed /api/customer at 20/08/2024 8:27:03 CH
Accessed /api/table/index at 20/08/2024 8:27:49 CH
Accessed /api/table at 20/08/2024 8:27:49 CH
Accessed /api/table/index at 20/08/2024 8:27:49 CH
Accessed /api/Account/me at 20/08/2024 8:32:55 CH
Accessed /api/Dashboard/GetRevenue at 20/08/2024 8:32:55 CH
Accessed /api/Dashboard/GetCustomers at 20/08/2024 8:32:55 CH
Accessed /api/Dashboard/GetItems at 20/08/2024 8:32:55 CH
Accessed /api/Dashboard/GetTableData at 20/08/2024 8:32:55 CH
Accessed /api/MenuItem at 20/08/2024 8:33:02 CH
Accessed /api/table at 20/08/2024 8:33:04 CH
Accessed /api/table/index at 20/08/2024 8:33:04 CH
Accessed /api/table/index at 20/08/2024 8:33:04 CH
Accessed /api/customer at 20/08/2024 8:33:05 CH
Accessed /api/MenuItem at 20/08/2024 8:33:09 CH
Accessed /api/Order at 20/08/2024 8:33:10 CH
Accessed /api/Reservation at 20/08/2024 8:33:13 CH
Accessed /api/table/index at 20/08/2024 8:33:17 CH
Accessed /api/table at 20/08/2024 8:33:17 CH
Accessed /api/table/index at 20/08/2024 8:33:17 CH
Accessed /api/table/7 at 20/08/2024 8:33:23 CH
Accessed /api/Account/me at 20/08/2024 8:35:01 CH
Accessed /api/Dashboard/GetItems at 20/08/2024 8:35:01 CH
Accessed /api/Dashboard/GetRevenue at 20/08/2024 8:35:01 CH
Accessed /api/Dashboard/GetCustomers at 20/08/2024 8:35:01 CH
Accessed /api/Dashboard/GetTableData at 20/08/2024 8:35:01 CH
Accessed /api/Account/me at 20/08/2024 8:35:24 CH
Accessed /api/Dashboard/GetCustomers at 20/08/2024 8:35:25 CH
Accessed /api/Dashboard/GetItems at 20/08/2024 8:35:25 CH
Accessed /api/Dashboard/GetRevenue at 20/08/2024 8:35:25 CH
Accessed /api/Dashboard/GetTableData at 20/08/2024 8:35:25 CH
Accessed /api/Account/me at 20/08/2024 8:55:25 CH
Accessed /api/Dashboard/GetItems at 20/08/2024 8:55:25 CH
Accessed /api/Dashboard/GetCustomers at 20/08/2024 8:55:25 CH
Accessed /api/Dashboard/GetTableData at 20/08/2024 8:55:25 CH
Accessed /api/Dashboard/GetRevenue at 20/08/2024 8:55:25 CH
Accessed /api/Account/me at 20/08/2024 8:59:29 CH
Accessed /api/Account/me at 20/08/2024 9:00:15 CH
Accessed /api/Dashboard/GetCustomers at 20/08/2024 9:00:16 CH
Accessed /api/Dashboard/GetRevenue at 20/08/2024 9:00:16 CH
Accessed /api/Dashboard/GetTableData at 20/08/2024 9:00:16 CH
Accessed /api/Dashboard/GetItems at 20/08/2024 9:00:16 CH
Accessed /api/Account/me at 20/08/2024 9:00:39 CH
Accessed /api/MenuItem at 20/08/2024 9:15:58 CH
Accessed /api/MenuItem at 20/08/2024 9:16:19 CH
Accessed /api/MenuItem/1 at 20/08/2024 9:16:31 CH
Accessed /api/Account/me at 20/08/2024 9:27:04 CH
Accessed /api/Dashboard/GetTableData at 20/08/2024 9:27:05 CH
Accessed /api/Dashboard/GetItems at 20/08/2024 9:27:05 CH
Accessed /api/Dashboard/GetRevenue at 20/08/2024 9:27:05 CH
Accessed /api/Dashboard/GetCustomers at 20/08/2024 9:27:05 CH
Accessed /api/Account/me at 20/08/2024 9:34:41 CH
Accessed /api/Account/me at 20/08/2024 9:45:13 CH
Accessed /api/Account/me at 20/08/2024 9:47:11 CH
Accessed /api/Dashboard/GetCustomers at 20/08/2024 9:47:12 CH
Accessed /api/Dashboard/GetItems at 20/08/2024 9:47:12 CH
Accessed /api/Dashboard/GetRevenue at 20/08/2024 9:47:12 CH
Accessed /api/Dashboard/GetTableData at 20/08/2024 9:47:12 CH
Accessed /api/Account/me at 20/08/2024 9:49:17 CH
Accessed /api/Dashboard/GetItems at 20/08/2024 9:49:17 CH
Accessed /api/Dashboard/GetRevenue at 20/08/2024 9:49:17 CH
Accessed /api/Dashboard/GetCustomers at 20/08/2024 9:49:17 CH
Accessed /api/Dashboard/GetTableData at 20/08/2024 9:49:17 CH
Accessed /api/Account/me at 20/08/2024 9:50:42 CH
Accessed /api/Dashboard/GetItems at 20/08/2024 9:50:42 CH
Accessed /api/Dashboard/GetRevenue at 20/08/2024 9:50:42 CH
Accessed /api/Dashboard/GetCustomers at 20/08/2024 9:50:42 CH
Accessed /api/Dashboard/GetTableData at 20/08/2024 9:50:42 CH
Accessed /api/Account/me at 20/08/2024 9:50:52 CH
Accessed /api/Dashboard/GetCustomers at 20/08/2024 9:50:52 CH
Accessed /api/Dashboard/GetTableData at 20/08/2024 9:50:52 CH
Accessed /api/Dashboard/GetRevenue at 20/08/2024 9:50:52 CH
Accessed /api/Dashboard/GetItems at 20/08/2024 9:50:52 CH
Accessed /api/Account/me at 20/08/2024 9:53:48 CH
Accessed /api/Dashboard/GetItems at 20/08/2024 9:53:48 CH
Accessed /api/Dashboard/GetCustomers at 20/08/2024 9:53:48 CH
Accessed /api/Dashboard/GetRevenue at 20/08/2024 9:53:48 CH
Accessed /api/Dashboard/GetTableData at 20/08/2024 9:53:48 CH
Accessed /api/Account/me at 20/08/2024 9:53:54 CH
Accessed /api/Dashboard/GetCustomers at 20/08/2024 9:53:54 CH
Accessed /api/Dashboard/GetItems at 20/08/2024 9:53:54 CH
Accessed /api/Dashboard/GetTableData at 20/08/2024 9:53:54 CH
Accessed /api/Dashboard/GetRevenue at 20/08/2024 9:53:54 CH
Accessed /api/Account/me at 20/08/2024 9:56:30 CH
Accessed /api/MenuItem at 20/08/2024 9:57:49 CH
Accessed /api/customer at 20/08/2024 9:57:57 CH
Accessed /api/customer/1 at 20/08/2024 9:57:58 CH
Accessed /api/MenuItem at 20/08/2024 9:58:04 CH
Accessed /api/MenuItem/1 at 20/08/2024 9:58:06 CH
Accessed /api/Order at 20/08/2024 9:58:15 CH
Accessed /api/Account/me at 20/08/2024 10:01:55 CH
Accessed /api/Account/me at 20/08/2024 10:18:59 CH
Accessed /api/Dashboard/GetRevenue at 20/08/2024 10:19:00 CH
Accessed /api/Dashboard/GetTableData at 20/08/2024 10:19:00 CH
Accessed /api/Dashboard/GetItems at 20/08/2024 10:19:00 CH
Accessed /api/Dashboard/GetCustomers at 20/08/2024 10:19:00 CH
Accessed /api/Account/me at 20/08/2024 10:19:11 CH
Accessed /api/Account/me at 20/08/2024 10:21:28 CH
Accessed /api/Dashboard/GetItems at 20/08/2024 10:21:28 CH
Accessed /api/Dashboard/GetCustomers at 20/08/2024 10:21:28 CH
Accessed /api/Dashboard/GetRevenue at 20/08/2024 10:21:28 CH
Accessed /api/Dashboard/GetTableData at 20/08/2024 10:21:28 CH
Accessed /api/Account/me at 20/08/2024 10:22:43 CH
Accessed /api/Account/me at 20/08/2024 10:24:32 CH
Accessed /api/Account/me at 20/08/2024 10:25:13 CH
Accessed /api/Account/me at 20/08/2024 10:26:37 CH
Accessed /api/Account/me at 20/08/2024 10:26:44 CH
Accessed /api/Account/me at 20/08/2024 10:28:09 CH
Accessed /api/Account/me at 20/08/2024 10:28:57 CH
Accessed /api/Account/me at 20/08/2024 10:34:50 CH
Accessed /api/Account/me at 20/08/2024 10:37:06 CH
Accessed /api/Account/me at 20/08/2024 10:40:46 CH
Accessed /api/Dashboard/GetRevenue at 20/08/2024 10:40:48 CH
Accessed /api/Dashboard/GetCustomers at 20/08/2024 10:40:48 CH
Accessed /api/Dashboard/GetTableData at 20/08/2024 10:40:48 CH
Accessed /api/Dashboard/GetItems at 20/08/2024 10:40:48 CH
Accessed /api/Account/me at 21/08/2024 3:43:33 CH
Accessed /api/Dashboard/GetRevenue at 21/08/2024 3:43:33 CH
Accessed /api/Dashboard/GetCustomers at 21/08/2024 3:43:33 CH
Accessed /api/Dashboard/GetTableData at 21/08/2024 3:43:33 CH
Accessed /api/Dashboard/GetItems at 21/08/2024 3:43:33 CH
Accessed /api/Dashboard/GetTableData at 21/08/2024 3:43:56 CH
Accessed /api/Dashboard/GetCustomers at 21/08/2024 3:43:56 CH
Accessed /api/Dashboard/GetRevenue at 21/08/2024 3:43:56 CH
Accessed /api/Dashboard/GetItems at 21/08/2024 3:43:56 CH
Accessed /api/MenuItem at 21/08/2024 3:48:46 CH
Accessed /api/table at 21/08/2024 3:52:42 CH
Accessed /api/table/index at 21/08/2024 3:52:42 CH
Accessed /api/table/index at 21/08/2024 3:52:42 CH
Accessed /api/Account/me at 21/08/2024 3:52:46 CH
Accessed /api/table/index at 21/08/2024 3:52:46 CH
Accessed /api/table at 21/08/2024 3:52:46 CH
Accessed /api/table/index at 21/08/2024 3:52:46 CH
Accessed /api/Reservation at 21/08/2024 3:52:55 CH
Accessed /api/Account/me at 21/08/2024 5:39:48 CH
Accessed /api/Dashboard/GetRevenue at 21/08/2024 5:39:49 CH
Accessed /api/Dashboard/GetItems at 21/08/2024 5:39:49 CH
Accessed /api/Dashboard/GetCustomers at 21/08/2024 5:39:49 CH
Accessed /api/Dashboard/GetTableData at 21/08/2024 5:39:49 CH
Accessed /api/Account/me at 21/08/2024 5:42:21 CH
Accessed /api/Dashboard/GetCustomers at 21/08/2024 5:42:21 CH
Accessed /api/Dashboard/GetRevenue at 21/08/2024 5:42:21 CH
Accessed /api/Dashboard/GetItems at 21/08/2024 5:42:21 CH
Accessed /api/Dashboard/GetTableData at 21/08/2024 5:42:21 CH
Accessed /api/Reservation at 21/08/2024 5:46:40 CH
Accessed /api/Order at 21/08/2024 5:46:45 CH
Accessed /api/MenuItem at 21/08/2024 5:46:49 CH
Accessed /api/Account/me at 21/08/2024 6:19:42 CH
Accessed /api/Dashboard/GetCustomers at 21/08/2024 6:19:42 CH
Accessed /api/Dashboard/GetItems at 21/08/2024 6:19:42 CH
Accessed /api/Dashboard/GetTableData at 21/08/2024 6:19:42 CH
Accessed /api/Dashboard/GetRevenue at 21/08/2024 6:19:42 CH
Accessed /api/customer at 21/08/2024 6:25:58 CH
Accessed /api/Account/me at 21/08/2024 8:23:55 CH
Accessed /api/Dashboard/GetItems at 21/08/2024 8:23:55 CH
Accessed /api/Dashboard/GetTableData at 21/08/2024 8:23:55 CH
Accessed /api/Dashboard/GetCustomers at 21/08/2024 8:23:55 CH
Accessed /api/Dashboard/GetRevenue at 21/08/2024 8:23:55 CH
Accessed /api/customer at 21/08/2024 8:24:28 CH
Accessed /api/customer/1 at 21/08/2024 8:30:12 CH
Accessed /api/MenuItem at 21/08/2024 8:40:46 CH
Accessed /api/Order at 21/08/2024 8:41:55 CH
Accessed /api/Account/me at 21/08/2024 8:44:49 CH
Accessed /api/Dashboard/GetItems at 21/08/2024 8:44:49 CH
Accessed /api/Dashboard/GetRevenue at 21/08/2024 8:44:49 CH
Accessed /api/Dashboard/GetTableData at 21/08/2024 8:44:49 CH
Accessed /api/Dashboard/GetCustomers at 21/08/2024 8:44:49 CH
Accessed /api/customer at 21/08/2024 8:44:56 CH
Accessed /api/Order at 21/08/2024 8:45:03 CH
Accessed /api/Order at 21/08/2024 8:45:13 CH
Accessed /api/Order/308 at 21/08/2024 8:48:20 CH
Accessed /api/MenuItem at 21/08/2024 8:48:20 CH
Accessed /api/Account/me at 21/08/2024 9:12:53 CH
Accessed /api/Dashboard/GetItems at 21/08/2024 9:12:53 CH
Accessed /api/Dashboard/GetCustomers at 21/08/2024 9:12:53 CH
Accessed /api/Dashboard/GetTableData at 21/08/2024 9:12:53 CH
Accessed /api/Dashboard/GetRevenue at 21/08/2024 9:12:53 CH
Accessed /api/MenuItem at 21/08/2024 9:12:54 CH
Accessed /api/table at 21/08/2024 9:12:56 CH
Accessed /api/table/index at 21/08/2024 9:12:56 CH
Accessed /api/table/index at 21/08/2024 9:12:56 CH
Accessed /api/Reservation at 21/08/2024 9:12:59 CH
Accessed /api/Reservation/1 at 21/08/2024 9:13:12 CH
Accessed /api/Reservation at 21/08/2024 9:14:41 CH
Accessed /api/table at 21/08/2024 9:17:53 CH
Accessed /api/table/index at 21/08/2024 9:17:53 CH
Accessed /api/table/index at 21/08/2024 9:17:53 CH
Accessed /api/Reservation at 21/08/2024 9:18:19 CH
Accessed /api/Reservation/1 at 21/08/2024 9:22:06 CH
Accessed /api/customer at 21/08/2024 9:28:50 CH
Accessed /api/Account/me at 21/08/2024 9:37:53 CH
Accessed /api/Dashboard/GetRevenue at 21/08/2024 9:37:54 CH
Accessed /api/Dashboard/GetCustomers at 21/08/2024 9:37:54 CH
Accessed /api/Dashboard/GetItems at 21/08/2024 9:37:54 CH
Accessed /api/Dashboard/GetTableData at 21/08/2024 9:37:54 CH
Accessed /api/Order at 21/08/2024 9:38:18 CH
Accessed /api/Account/me at 22/08/2024 10:22:36 SA
Accessed /api/Dashboard/GetItems at 22/08/2024 10:22:36 SA
Accessed /api/Dashboard/GetCustomers at 22/08/2024 10:22:36 SA
Accessed /api/Dashboard/GetRevenue at 22/08/2024 10:22:36 SA
Accessed /api/Dashboard/GetTableData at 22/08/2024 10:22:36 SA
Accessed /api/Account/me at 22/08/2024 11:54:54 CH
Accessed /api/Dashboard/GetRevenue at 22/08/2024 11:54:54 CH
Accessed /api/Dashboard/GetItems at 22/08/2024 11:54:54 CH
Accessed /api/Dashboard/GetCustomers at 22/08/2024 11:54:54 CH
Accessed /api/Dashboard/GetTableData at 22/08/2024 11:54:54 CH
Accessed /api/Account/me at 23/08/2024 12:23:03 SA
Accessed /api/Dashboard/GetCustomers at 23/08/2024 12:23:03 SA
Accessed /api/Dashboard/GetItems at 23/08/2024 12:23:03 SA
Accessed /api/Dashboard/GetRevenue at 23/08/2024 12:23:03 SA
Accessed /api/Dashboard/GetTableData at 23/08/2024 12:23:03 SA
Accessed /api/customer at 23/08/2024 12:23:04 SA
Accessed /api/customer/1 at 23/08/2024 12:38:06 SA
Accessed /api/Order at 23/08/2024 12:38:37 SA
Accessed /api/customer at 23/08/2024 12:39:19 SA
Accessed /api/customer/1 at 23/08/2024 12:39:22 SA
Accessed /api/Account/me at 23/08/2024 12:43:24 SA
Accessed /api/Dashboard/GetTableData at 23/08/2024 12:43:24 SA
Accessed /api/Dashboard/GetRevenue at 23/08/2024 12:43:24 SA
Accessed /api/Dashboard/GetCustomers at 23/08/2024 12:43:24 SA
Accessed /api/Dashboard/GetItems at 23/08/2024 12:43:24 SA
Accessed /api/Order at 23/08/2024 12:43:25 SA
Accessed /api/Account/me at 23/08/2024 8:21:34 SA
Accessed /api/Dashboard/GetItems at 23/08/2024 8:21:35 SA
Accessed /api/Dashboard/GetRevenue at 23/08/2024 8:21:35 SA
Accessed /api/Dashboard/GetTableData at 23/08/2024 8:21:35 SA
Accessed /api/Dashboard/GetCustomers at 23/08/2024 8:21:35 SA
Accessed /api/customer at 23/08/2024 8:22:37 SA
Accessed /api/customer/1 at 23/08/2024 8:23:33 SA
Accessed /api/Order at 23/08/2024 8:24:37 SA
Accessed /api/MenuItem at 23/08/2024 8:26:38 SA
Accessed /api/MenuItem at 23/08/2024 8:26:51 SA
Accessed /api/MenuItem/1 at 23/08/2024 8:26:53 SA
Accessed /api/MenuItem/1 at 23/08/2024 8:26:58 SA
Accessed /api/MenuItem at 23/08/2024 8:27:49 SA
Accessed /api/MenuItem at 23/08/2024 8:28:35 SA
Accessed /api/MenuItem/1 at 23/08/2024 8:28:37 SA
Accessed /api/MenuItem/1 at 23/08/2024 8:28:47 SA
Accessed /api/MenuItem at 23/08/2024 8:28:50 SA
Accessed /api/table at 23/08/2024 8:29:23 SA
Accessed /api/table/index at 23/08/2024 8:29:23 SA
Accessed /api/table/index at 23/08/2024 8:29:23 SA
Accessed /api/Account/me at 23/08/2024 10:02:30 SA
Accessed /api/Dashboard/GetItems at 23/08/2024 10:02:30 SA
Accessed /api/Dashboard/GetCustomers at 23/08/2024 10:02:30 SA
Accessed /api/Dashboard/GetRevenue at 23/08/2024 10:02:30 SA
Accessed /api/Dashboard/GetTableData at 23/08/2024 10:02:30 SA
Accessed /api/MenuItem at 23/08/2024 10:02:33 SA
Accessed /api/Account/me at 23/08/2024 10:28:56 SA
Accessed /api/Dashboard/GetCustomers at 23/08/2024 10:28:56 SA
Accessed /api/Dashboard/GetItems at 23/08/2024 10:28:56 SA
Accessed /api/Dashboard/GetTableData at 23/08/2024 10:28:56 SA
Accessed /api/Dashboard/GetRevenue at 23/08/2024 10:28:56 SA
Accessed /api/Order at 23/08/2024 10:45:56 SA
Accessed /api/Order/14 at 23/08/2024 10:46:14 SA
Accessed /api/MenuItem at 23/08/2024 10:46:14 SA
Accessed /api/Order at 23/08/2024 10:46:20 SA
Accessed /api/Account/me at 24/08/2024 8:00:55 CH
Accessed /api/Dashboard/GetItems at 24/08/2024 8:00:56 CH
Accessed /api/Dashboard/GetRevenue at 24/08/2024 8:00:56 CH
Accessed /api/Dashboard/GetTableData at 24/08/2024 8:00:56 CH
Accessed /api/Dashboard/GetCustomers at 24/08/2024 8:00:56 CH
Accessed /api/Order at 24/08/2024 8:01:44 CH
Accessed /api/Order/13 at 24/08/2024 8:02:15 CH
Accessed /api/MenuItem at 24/08/2024 8:02:15 CH
Accessed /api/OrderItem at 24/08/2024 8:03:22 CH
Accessed /api/OrderItem at 24/08/2024 8:03:22 CH
Accessed /api/MenuItem at 24/08/2024 8:04:02 CH
Accessed /api/Order at 24/08/2024 8:04:36 CH
Accessed /api/OrderItem at 24/08/2024 8:04:36 CH
Accessed /api/Order/302 at 24/08/2024 8:04:38 CH
Accessed /api/MenuItem at 24/08/2024 8:04:38 CH
Accessed /api/table at 24/08/2024 8:05:53 CH
Accessed /api/table/index at 24/08/2024 8:05:53 CH
Accessed /api/table/index at 24/08/2024 8:05:53 CH
Accessed /api/MenuItem at 24/08/2024 8:05:58 CH
Accessed /api/table/index at 24/08/2024 8:05:59 CH
Accessed /api/table at 24/08/2024 8:05:59 CH
Accessed /api/table/index at 24/08/2024 8:05:59 CH
Accessed /api/table/1 at 24/08/2024 8:06:02 CH
Accessed /api/MenuItem at 24/08/2024 8:06:28 CH
Accessed /api/table/index at 24/08/2024 8:06:54 CH
Accessed /api/table at 24/08/2024 8:06:54 CH
Accessed /api/table/index at 24/08/2024 8:06:54 CH
Accessed /api/Account/me at 24/08/2024 8:08:56 CH
Accessed /api/table/index at 24/08/2024 8:08:57 CH
Accessed /api/table at 24/08/2024 8:08:57 CH
Accessed /api/table/index at 24/08/2024 8:08:57 CH
Accessed /api/table/1 at 24/08/2024 8:09:02 CH
Accessed /api/table at 24/08/2024 8:09:07 CH
Accessed /api/table/index at 24/08/2024 8:09:07 CH
Accessed /api/table/index at 24/08/2024 8:09:07 CH
Accessed /api/Reservation at 24/08/2024 8:09:31 CH
Accessed /api/Account/me at 24/08/2024 8:10:41 CH
Accessed /api/Reservation at 24/08/2024 8:10:42 CH
Accessed /api/table/index at 24/08/2024 8:11:50 CH
Accessed /api/table at 24/08/2024 8:11:50 CH
Accessed /api/table/index at 24/08/2024 8:11:50 CH
Accessed /api/table/1 at 24/08/2024 8:11:52 CH
Accessed /api/Reservation at 24/08/2024 8:12:14 CH
Accessed /api/table/index at 24/08/2024 8:12:19 CH
Accessed /api/table at 24/08/2024 8:12:19 CH
Accessed /api/table/index at 24/08/2024 8:12:19 CH
Accessed /api/MenuItem at 24/08/2024 8:12:41 CH
Accessed /api/Order at 24/08/2024 8:14:16 CH
Accessed /api/OrderItem at 24/08/2024 8:14:16 CH
Accessed /api/Order/303 at 24/08/2024 8:14:18 CH
Accessed /api/MenuItem at 24/08/2024 8:14:18 CH
Accessed /api/Dashboard/GetCustomers at 24/08/2024 8:14:19 CH
Accessed /api/Dashboard/GetRevenue at 24/08/2024 8:14:19 CH
Accessed /api/Dashboard/GetTableData at 24/08/2024 8:14:19 CH
Accessed /api/Dashboard/GetItems at 24/08/2024 8:14:19 CH
Accessed /api/Order at 24/08/2024 8:14:58 CH
Accessed /api/Order/303 at 24/08/2024 8:15:02 CH
Accessed /api/MenuItem at 24/08/2024 8:15:02 CH
Accessed /api/table/index at 24/08/2024 8:16:42 CH
Accessed /api/table at 24/08/2024 8:16:42 CH
Accessed /api/table/index at 24/08/2024 8:16:43 CH
Accessed /api/MenuItem at 24/08/2024 8:16:47 CH
Accessed /api/Account/me at 24/08/2024 8:33:55 CH
Accessed /api/Dashboard/GetItems at 24/08/2024 8:33:55 CH
Accessed /api/Dashboard/GetRevenue at 24/08/2024 8:33:55 CH
Accessed /api/Dashboard/GetCustomers at 24/08/2024 8:33:55 CH
Accessed /api/Dashboard/GetTableData at 24/08/2024 8:33:55 CH
Accessed /api/MenuItem at 24/08/2024 8:34:00 CH
Accessed /api/Account/me at 24/08/2024 8:34:32 CH
Accessed /api/MenuItem at 24/08/2024 8:34:32 CH
Accessed /api/Account/me at 24/08/2024 8:37:02 CH
Accessed /api/MenuItem at 24/08/2024 8:37:02 CH
Accessed /api/Account/me at 24/08/2024 8:38:28 CH
Accessed /api/MenuItem at 24/08/2024 8:38:29 CH
Accessed /api/Account/me at 24/08/2024 8:39:01 CH
Accessed /api/MenuItem at 24/08/2024 8:39:02 CH
Accessed /api/table at 24/08/2024 8:42:29 CH
Accessed /api/table/index at 24/08/2024 8:42:29 CH
Accessed /api/table/index at 24/08/2024 8:42:29 CH
Accessed /api/MenuItem at 24/08/2024 8:42:32 CH
Accessed /api/Order at 24/08/2024 8:51:53 CH
Accessed /api/Order/302 at 24/08/2024 8:52:05 CH
Accessed /api/MenuItem at 24/08/2024 8:52:05 CH
Accessed /api/Order at 24/08/2024 8:52:10 CH
Accessed /api/MenuItem at 24/08/2024 8:53:16 CH
Accessed /api/Account/me at 24/08/2024 8:58:08 CH
Accessed /api/Dashboard/GetRevenue at 24/08/2024 8:58:08 CH
Accessed /api/Dashboard/GetTableData at 24/08/2024 8:58:08 CH
Accessed /api/Dashboard/GetItems at 24/08/2024 8:58:08 CH
Accessed /api/Dashboard/GetCustomers at 24/08/2024 8:58:08 CH
Accessed /api/table at 24/08/2024 8:58:10 CH
Accessed /api/table/index at 24/08/2024 8:58:10 CH
Accessed /api/table/index at 24/08/2024 8:58:10 CH
Accessed /api/MenuItem at 24/08/2024 8:58:11 CH
Accessed /api/table/index at 24/08/2024 8:58:47 CH
Accessed /api/table at 24/08/2024 8:58:47 CH
Accessed /api/table/index at 24/08/2024 8:58:47 CH
Accessed /api/MenuItem at 24/08/2024 8:58:49 CH
Accessed /api/Account/me at 25/08/2024 5:24:41 CH
Accessed /api/Dashboard/GetRevenue at 25/08/2024 5:24:42 CH
Accessed /api/Dashboard/GetItems at 25/08/2024 5:24:42 CH
Accessed /api/Dashboard/GetTableData at 25/08/2024 5:24:42 CH
Accessed /api/Dashboard/GetCustomers at 25/08/2024 5:24:42 CH
Accessed /api/MenuItem at 25/08/2024 5:24:44 CH
Accessed /api/Order at 25/08/2024 5:24:48 CH
Accessed /api/Order/307 at 25/08/2024 5:24:58 CH
Accessed /api/MenuItem at 25/08/2024 5:24:59 CH
Accessed /api/Account/me at 25/08/2024 5:27:58 CH
Accessed /api/Order/307 at 25/08/2024 5:27:58 CH
Accessed /api/MenuItem at 25/08/2024 5:27:58 CH
Accessed /api/Order at 25/08/2024 5:28:03 CH
Accessed /api/Account/me at 25/08/2024 5:29:02 CH
Accessed /api/Order at 25/08/2024 5:29:02 CH
Accessed /api/MenuItem at 25/08/2024 5:29:15 CH
Accessed /api/Account/me at 25/08/2024 5:32:24 CH
Accessed /api/Dashboard/GetRevenue at 25/08/2024 5:32:25 CH
Accessed /api/Dashboard/GetTableData at 25/08/2024 5:32:25 CH
Accessed /api/Dashboard/GetItems at 25/08/2024 5:32:25 CH
Accessed /api/Dashboard/GetCustomers at 25/08/2024 5:32:25 CH
Accessed /api/Order at 25/08/2024 5:32:30 CH
Accessed /api/Account/me at 25/08/2024 5:33:33 CH
Accessed /api/Order at 25/08/2024 5:33:33 CH
Accessed /api/Account/me at 25/08/2024 5:34:41 CH
Accessed /api/Dashboard/GetItems at 25/08/2024 5:34:41 CH
Accessed /api/Dashboard/GetRevenue at 25/08/2024 5:34:41 CH
Accessed /api/Dashboard/GetCustomers at 25/08/2024 5:34:41 CH
Accessed /api/Dashboard/GetTableData at 25/08/2024 5:34:41 CH
Accessed /api/MenuItem at 25/08/2024 5:34:44 CH
Accessed /api/Account/me at 25/08/2024 5:35:07 CH
Accessed /api/Order at 25/08/2024 5:35:07 CH
Accessed /api/Account/me at 25/08/2024 5:35:23 CH
Accessed /api/Order at 25/08/2024 5:35:24 CH
Accessed /api/Account/me at 25/08/2024 5:39:34 CH
Accessed /api/Order at 25/08/2024 5:39:34 CH
Accessed /api/Order/307 at 25/08/2024 5:40:05 CH
Accessed /api/MenuItem at 25/08/2024 5:40:05 CH
Accessed /api/Account/me at 25/08/2024 7:33:25 CH
Accessed /api/Dashboard/GetItems at 25/08/2024 7:33:25 CH
Accessed /api/Dashboard/GetCustomers at 25/08/2024 7:33:25 CH
Accessed /api/Dashboard/GetRevenue at 25/08/2024 7:33:25 CH
Accessed /api/Dashboard/GetTableData at 25/08/2024 7:33:25 CH
Accessed /api/Order at 25/08/2024 7:33:30 CH
Accessed /api/Order at 25/08/2024 7:33:44 CH
Accessed /api/Order/315 at 25/08/2024 7:33:49 CH
Accessed /api/MenuItem at 25/08/2024 7:33:49 CH
Accessed /api/Order/315 at 25/08/2024 7:34:09 CH
Accessed /api/Order at 25/08/2024 7:34:19 CH
Accessed /api/Account/me at 25/08/2024 7:34:42 CH
Accessed /api/Order at 25/08/2024 7:34:42 CH
Accessed /api/Account/me at 25/08/2024 7:35:20 CH
Accessed /api/Dashboard/GetItems at 25/08/2024 7:35:20 CH
Accessed /api/Dashboard/GetCustomers at 25/08/2024 7:35:20 CH
Accessed /api/Dashboard/GetTableData at 25/08/2024 7:35:20 CH
Accessed /api/Dashboard/GetRevenue at 25/08/2024 7:35:20 CH
Accessed /api/customer at 25/08/2024 7:35:22 CH
Accessed /api/Order at 25/08/2024 7:35:24 CH
Accessed /api/Order/315 at 25/08/2024 7:35:29 CH
Accessed /api/MenuItem at 25/08/2024 7:35:30 CH
Accessed /api/Order at 25/08/2024 7:35:36 CH
Accessed /api/Account/me at 25/08/2024 8:21:29 CH
Accessed /api/Dashboard/GetItems at 25/08/2024 8:21:30 CH
Accessed /api/Dashboard/GetTableData at 25/08/2024 8:21:30 CH
Accessed /api/Dashboard/GetRevenue at 25/08/2024 8:21:30 CH
Accessed /api/Dashboard/GetCustomers at 25/08/2024 8:21:30 CH
Accessed /api/MenuItem at 25/08/2024 8:21:37 CH
Accessed /api/Order at 25/08/2024 8:21:49 CH
Accessed /api/Order/307 at 25/08/2024 8:24:44 CH
Accessed /api/MenuItem at 25/08/2024 8:24:46 CH
Accessed /api/Order at 25/08/2024 8:25:07 CH
Accessed /api/Order/316 at 25/08/2024 8:25:17 CH
Accessed /api/MenuItem at 25/08/2024 8:25:17 CH
Accessed /api/Order at 25/08/2024 8:25:46 CH
Accessed /api/Account/me at 25/08/2024 8:57:27 CH
Accessed /api/Dashboard/GetItems at 25/08/2024 8:57:27 CH
Accessed /api/Dashboard/GetRevenue at 25/08/2024 8:57:27 CH
Accessed /api/Dashboard/GetCustomers at 25/08/2024 8:57:27 CH
Accessed /api/Dashboard/GetTableData at 25/08/2024 8:57:27 CH
Accessed /api/Order at 25/08/2024 8:57:33 CH
Accessed /api/Account/me at 25/08/2024 8:59:12 CH
Accessed /api/Order at 25/08/2024 8:59:12 CH
Accessed /api/Account/me at 25/08/2024 9:03:04 CH
Accessed /api/Order at 25/08/2024 9:03:05 CH
Accessed /api/Account/me at 25/08/2024 9:06:35 CH
Accessed /api/Order at 25/08/2024 9:06:36 CH
Accessed /api/Order/316 at 25/08/2024 9:06:42 CH
Accessed /api/MenuItem at 25/08/2024 9:06:43 CH
Accessed /api/MenuItem at 25/08/2024 9:06:51 CH
Accessed /api/Order at 25/08/2024 9:06:53 CH
Accessed /api/Account/me at 25/08/2024 9:08:57 CH
Accessed /api/Order at 25/08/2024 9:08:57 CH
Accessed /api/Account/me at 25/08/2024 9:13:15 CH
Accessed /api/Order at 25/08/2024 9:13:15 CH
Accessed /api/Account/me at 25/08/2024 9:18:59 CH
Accessed /api/Dashboard/GetRevenue at 25/08/2024 9:18:59 CH
Accessed /api/Dashboard/GetTableData at 25/08/2024 9:18:59 CH
Accessed /api/Dashboard/GetItems at 25/08/2024 9:18:59 CH
Accessed /api/Dashboard/GetCustomers at 25/08/2024 9:18:59 CH
Accessed /api/MenuItem at 25/08/2024 9:19:03 CH
Accessed /api/Order at 25/08/2024 9:19:04 CH
Accessed /api/MenuItem at 25/08/2024 9:20:50 CH
Accessed /api/table at 25/08/2024 9:21:13 CH
Accessed /api/table/index at 25/08/2024 9:21:13 CH
Accessed /api/table/index at 25/08/2024 9:21:13 CH
Accessed /api/MenuItem at 25/08/2024 9:21:15 CH
Accessed /api/Account/me at 25/08/2024 9:23:28 CH
Accessed /api/MenuItem at 25/08/2024 9:23:28 CH
Accessed /api/Order at 25/08/2024 9:23:36 CH
Accessed /api/Order at 25/08/2024 9:23:42 CH
Accessed /api/MenuItem at 25/08/2024 9:23:49 CH
Accessed /api/Account/me at 25/08/2024 9:24:30 CH
Accessed /api/MenuItem at 25/08/2024 9:24:30 CH
Accessed /api/Account/me at 25/08/2024 9:30:06 CH
Accessed /api/MenuItem at 25/08/2024 9:30:06 CH
Accessed /api/Account/me at 25/08/2024 9:32:39 CH
Accessed /api/MenuItem at 25/08/2024 9:32:39 CH
Accessed /api/Account/me at 25/08/2024 10:06:34 CH
Accessed /api/Dashboard/GetCustomers at 25/08/2024 10:06:34 CH
Accessed /api/Dashboard/GetTableData at 25/08/2024 10:06:34 CH
Accessed /api/Dashboard/GetRevenue at 25/08/2024 10:06:34 CH
Accessed /api/Dashboard/GetItems at 25/08/2024 10:06:34 CH
Accessed /api/MenuItem at 25/08/2024 10:06:37 CH
Accessed /api/Account/me at 25/08/2024 10:15:48 CH
Accessed /api/MenuItem at 25/08/2024 10:15:48 CH
Accessed /api/Account/me at 25/08/2024 10:19:57 CH
Accessed /api/MenuItem at 25/08/2024 10:19:58 CH
Accessed /api/Account/me at 25/08/2024 10:21:01 CH
Accessed /api/MenuItem at 25/08/2024 10:21:01 CH
Accessed /api/Dashboard/GetItems at 25/08/2024 10:21:17 CH
Accessed /api/Dashboard/GetTableData at 25/08/2024 10:21:17 CH
Accessed /api/Dashboard/GetRevenue at 25/08/2024 10:21:17 CH
Accessed /api/Dashboard/GetCustomers at 25/08/2024 10:21:17 CH
Accessed /api/MenuItem at 25/08/2024 10:21:18 CH
Accessed /api/Account/me at 25/08/2024 10:21:21 CH
Accessed /api/MenuItem at 25/08/2024 10:21:21 CH
Accessed /api/Account/me at 25/08/2024 10:59:39 CH
Accessed /api/Dashboard/GetCustomers at 25/08/2024 10:59:40 CH
Accessed /api/Dashboard/GetRevenue at 25/08/2024 10:59:40 CH
Accessed /api/Dashboard/GetItems at 25/08/2024 10:59:40 CH
Accessed /api/Dashboard/GetTableData at 25/08/2024 10:59:40 CH
Accessed /api/Account/me at 26/08/2024 7:38:53 CH
Accessed /api/Dashboard/GetItems at 26/08/2024 7:38:53 CH
Accessed /api/Dashboard/GetRevenue at 26/08/2024 7:38:53 CH
Accessed /api/Dashboard/GetCustomers at 26/08/2024 7:38:53 CH
Accessed /api/Dashboard/GetTableData at 26/08/2024 7:38:53 CH
Accessed /api/MenuItem at 26/08/2024 7:38:58 CH
Accessed /api/Order/Full at 26/08/2024 7:42:21 CH
Accessed /api/Dashboard/GetRevenue at 26/08/2024 7:42:36 CH
Accessed /api/Dashboard/GetItems at 26/08/2024 7:42:36 CH
Accessed /api/Dashboard/GetCustomers at 26/08/2024 7:42:36 CH
Accessed /api/Dashboard/GetTableData at 26/08/2024 7:42:36 CH
Accessed /api/MenuItem at 26/08/2024 7:42:38 CH
Accessed /api/Order at 26/08/2024 7:42:42 CH
Accessed /api/Order/327 at 26/08/2024 7:42:46 CH
Accessed /api/MenuItem at 26/08/2024 7:42:46 CH
Accessed /api/Account/me at 26/08/2024 7:44:03 CH
Accessed /api/Dashboard/GetItems at 26/08/2024 7:44:03 CH
Accessed /api/Dashboard/GetRevenue at 26/08/2024 7:44:03 CH
Accessed /api/Dashboard/GetTableData at 26/08/2024 7:44:03 CH
Accessed /api/Dashboard/GetCustomers at 26/08/2024 7:44:03 CH
Accessed /api/MenuItem at 26/08/2024 7:44:11 CH
Accessed /api/Order/Full at 26/08/2024 7:44:47 CH
Accessed /api/Order/Full at 26/08/2024 7:47:31 CH
Accessed /api/Order at 26/08/2024 7:50:06 CH
Accessed /api/MenuItem at 26/08/2024 7:50:11 CH
Accessed /api/Order/Full at 26/08/2024 7:50:36 CH
Accessed /api/Order/Full at 26/08/2024 7:52:23 CH
Accessed /api/Order/Full at 26/08/2024 7:53:35 CH
Accessed /api/Order/332 at 26/08/2024 7:53:37 CH
Accessed /api/MenuItem at 26/08/2024 7:53:37 CH
Accessed /api/Order at 26/08/2024 7:53:47 CH
Accessed /api/Order/91 at 26/08/2024 7:55:13 CH
Accessed /api/MenuItem at 26/08/2024 7:55:13 CH
Accessed /api/Account/me at 26/08/2024 7:59:11 CH
Accessed /api/Order/91 at 26/08/2024 7:59:11 CH
Accessed /api/MenuItem at 26/08/2024 7:59:11 CH
Accessed /api/Order at 26/08/2024 7:59:13 CH
Accessed /api/Account/me at 26/08/2024 7:59:18 CH
Accessed /api/Dashboard/GetCustomers at 26/08/2024 7:59:18 CH
Accessed /api/Dashboard/GetItems at 26/08/2024 7:59:18 CH
Accessed /api/Dashboard/GetTableData at 26/08/2024 7:59:18 CH
Accessed /api/Dashboard/GetRevenue at 26/08/2024 7:59:18 CH
Accessed /api/MenuItem at 26/08/2024 7:59:21 CH
Accessed /api/Account/me at 26/08/2024 8:02:16 CH
Accessed /api/MenuItem at 26/08/2024 8:02:17 CH
Accessed /api/Order at 26/08/2024 8:02:20 CH
Accessed /api/Order/332 at 26/08/2024 8:02:29 CH
Accessed /api/MenuItem at 26/08/2024 8:02:29 CH
Accessed /api/MenuItem at 26/08/2024 8:03:30 CH
Accessed /api/Account/me at 26/08/2024 8:03:37 CH
Accessed /api/Order/332 at 26/08/2024 8:03:37 CH
Accessed /api/MenuItem at 26/08/2024 8:03:37 CH
Accessed /api/Account/me at 26/08/2024 8:04:26 CH
Accessed /api/Dashboard/GetTableData at 26/08/2024 8:04:26 CH
Accessed /api/Dashboard/GetCustomers at 26/08/2024 8:04:26 CH
Accessed /api/Dashboard/GetItems at 26/08/2024 8:04:26 CH
Accessed /api/Dashboard/GetRevenue at 26/08/2024 8:04:26 CH
Accessed /api/MenuItem at 26/08/2024 8:04:31 CH
Accessed /api/Order at 26/08/2024 8:04:32 CH
Accessed /api/Order/327 at 26/08/2024 8:04:37 CH
Accessed /api/MenuItem at 26/08/2024 8:04:37 CH
Accessed /api/MenuItem at 26/08/2024 8:07:42 CH
Accessed /api/Account/me at 26/08/2024 8:07:46 CH
Accessed /api/Order/327 at 26/08/2024 8:07:46 CH
Accessed /api/MenuItem at 26/08/2024 8:07:47 CH
Accessed /api/MenuItem at 26/08/2024 8:09:19 CH
Accessed /api/Account/me at 26/08/2024 8:09:31 CH
Accessed /api/Order/327 at 26/08/2024 8:09:31 CH
Accessed /api/MenuItem at 26/08/2024 8:09:31 CH
Accessed /api/OrderItem at 26/08/2024 8:09:49 CH
Accessed /api/OrderItem at 26/08/2024 8:09:49 CH
Accessed /api/MenuItem at 26/08/2024 8:10:54 CH
Accessed /api/Order at 26/08/2024 8:11:03 CH
Accessed /api/MenuItem at 26/08/2024 8:11:12 CH
Accessed /api/Order at 26/08/2024 8:11:33 CH
Accessed /api/Order/327 at 26/08/2024 8:11:37 CH
Accessed /api/MenuItem at 26/08/2024 8:11:37 CH
Accessed /api/MenuItem at 26/08/2024 8:13:25 CH
Accessed /api/Order/Full at 26/08/2024 8:13:53 CH
Accessed /api/Order/333 at 26/08/2024 8:13:56 CH
Accessed /api/MenuItem at 26/08/2024 8:13:57 CH
Accessed /api/Account/me at 26/08/2024 8:15:09 CH
Accessed /api/Order/333 at 26/08/2024 8:15:10 CH
Accessed /api/MenuItem at 26/08/2024 8:15:10 CH
Accessed /api/Payment at 26/08/2024 8:18:10 CH
Accessed /api/Payment at 26/08/2024 8:18:34 CH
Accessed /api/Payment at 26/08/2024 8:20:05 CH
Accessed /api/Account/me at 26/08/2024 8:20:30 CH
Accessed /api/Order/333 at 26/08/2024 8:20:30 CH
Accessed /api/MenuItem at 26/08/2024 8:20:30 CH
Accessed /api/Payment at 26/08/2024 8:20:36 CH
Accessed /api/Order at 26/08/2024 8:20:39 CH
Accessed /api/Order/327 at 26/08/2024 8:20:56 CH
Accessed /api/MenuItem at 26/08/2024 8:20:56 CH
Accessed /api/Order at 26/08/2024 8:20:58 CH
Accessed /api/Order/333 at 26/08/2024 8:21:02 CH
Accessed /api/MenuItem at 26/08/2024 8:21:02 CH
Accessed /api/MenuItem at 26/08/2024 8:22:02 CH
Accessed /api/Order/Full at 26/08/2024 8:22:30 CH
Accessed /api/Order/334 at 26/08/2024 8:22:32 CH
Accessed /api/MenuItem at 26/08/2024 8:22:32 CH
Accessed /api/OrderItem at 26/08/2024 8:22:49 CH
Accessed /api/OrderItem at 26/08/2024 8:22:49 CH
Accessed /api/Payment at 26/08/2024 8:23:00 CH
Accessed /api/Order at 26/08/2024 8:23:02 CH
Accessed /api/MenuItem at 26/08/2024 8:23:44 CH
Accessed /api/MenuItem at 26/08/2024 8:24:12 CH
Accessed /api/MenuItem at 26/08/2024 8:24:21 CH
Accessed /api/Reservation at 26/08/2024 8:24:24 CH
Accessed /api/Account/me at 26/08/2024 8:32:11 CH
Accessed /api/Dashboard/GetItems at 26/08/2024 8:32:11 CH
Accessed /api/Dashboard/GetTableData at 26/08/2024 8:32:11 CH
Accessed /api/Dashboard/GetRevenue at 26/08/2024 8:32:11 CH
Accessed /api/Dashboard/GetCustomers at 26/08/2024 8:32:11 CH
Accessed /api/customer at 26/08/2024 8:32:14 CH
Accessed /api/MenuItem at 26/08/2024 8:32:16 CH
Accessed /api/Account/me at 26/08/2024 8:33:00 CH
Accessed /api/MenuItem at 26/08/2024 8:33:00 CH
Accessed /api/Account/me at 26/08/2024 8:34:37 CH
Accessed /api/MenuItem at 26/08/2024 8:34:37 CH
Accessed /api/table at 26/08/2024 8:37:03 CH
Accessed /api/table/index at 26/08/2024 8:37:03 CH
Accessed /api/table/index at 26/08/2024 8:37:03 CH
Accessed /api/table/1 at 26/08/2024 8:37:05 CH
Accessed /api/Order at 26/08/2024 8:37:14 CH
Accessed /api/Account/me at 26/08/2024 8:40:44 CH
Accessed /api/Order at 26/08/2024 8:40:44 CH
Accessed /api/Account/me at 26/08/2024 8:41:37 CH
Accessed /api/Order at 26/08/2024 8:41:39 CH
Accessed /api/Account/me at 26/08/2024 9:27:47 CH
Accessed /api/Dashboard/GetItems at 26/08/2024 9:27:47 CH
Accessed /api/Dashboard/GetCustomers at 26/08/2024 9:27:47 CH
Accessed /api/Dashboard/GetTableData at 26/08/2024 9:27:47 CH
Accessed /api/Dashboard/GetRevenue at 26/08/2024 9:27:47 CH
Accessed /api/Account/me at 26/08/2024 9:28:36 CH
Accessed /api/Account/changepass at 26/08/2024 9:32:20 CH
Accessed /api/Account/me at 26/08/2024 9:33:10 CH
Accessed /api/Dashboard/GetCustomers at 26/08/2024 9:33:10 CH
Accessed /api/Dashboard/GetTableData at 26/08/2024 9:33:10 CH
Accessed /api/Dashboard/GetRevenue at 26/08/2024 9:33:10 CH
Accessed /api/Dashboard/GetItems at 26/08/2024 9:33:10 CH
Accessed /api/Account/changepass at 26/08/2024 9:33:35 CH
Accessed /api/Account/changepass at 26/08/2024 9:34:31 CH
Accessed /api/Account/changepass at 26/08/2024 9:34:41 CH
Accessed /api/Account/changepass at 26/08/2024 9:35:06 CH
Accessed /api/Account/changepass at 26/08/2024 9:36:02 CH
Accessed /api/Account/changepass at 26/08/2024 9:36:13 CH
Accessed /api/Account/changepass at 26/08/2024 9:36:41 CH
Accessed /api/Account/changepass at 26/08/2024 9:39:23 CH
Accessed /api/Account/changepass at 26/08/2024 9:44:41 CH
Accessed /api/Account/changepass at 26/08/2024 9:45:08 CH
Accessed /api/Account/changepass at 26/08/2024 9:45:28 CH
Accessed /api/Account/changepass at 26/08/2024 9:45:34 CH
Accessed /api/Account/changepass at 26/08/2024 9:45:59 CH
Accessed /api/Account/changepass at 26/08/2024 9:46:14 CH
Accessed /api/Account/changepass at 26/08/2024 9:46:27 CH
Accessed /api/Account/changepass at 26/08/2024 9:46:51 CH
Accessed /api/Account/changepass at 26/08/2024 9:49:00 CH
Accessed /api/Account/changepass at 26/08/2024 9:49:08 CH
Accessed /api/Account/changepass at 26/08/2024 9:49:40 CH
Accessed /api/Account/changepass at 26/08/2024 9:49:54 CH
Accessed /api/Account/changepass at 26/08/2024 9:50:02 CH
Accessed /api/Account/changepass at 26/08/2024 9:50:32 CH
Accessed /api/Account/changepass at 26/08/2024 9:50:40 CH
Accessed /api/Account/me at 26/08/2024 10:07:48 CH
Accessed /api/Dashboard/GetCustomers at 26/08/2024 10:07:48 CH
Accessed /api/Dashboard/GetItems at 26/08/2024 10:07:48 CH
Accessed /api/Dashboard/GetTableData at 26/08/2024 10:07:48 CH
Accessed /api/Dashboard/GetRevenue at 26/08/2024 10:07:48 CH
Accessed /api/Account/me at 26/08/2024 10:08:19 CH
Accessed /api/Account/me at 26/08/2024 10:36:56 CH
Accessed /api/Dashboard/GetItems at 26/08/2024 10:36:57 CH
Accessed /api/Dashboard/GetCustomers at 26/08/2024 10:36:57 CH
Accessed /api/Dashboard/GetTableData at 26/08/2024 10:36:57 CH
Accessed /api/Dashboard/GetRevenue at 26/08/2024 10:36:57 CH
Accessed /api/Account/me at 26/08/2024 10:37:11 CH
Accessed /api/Account/me at 26/08/2024 10:37:20 CH
Accessed /api/Account/changeprofile at 26/08/2024 10:38:01 CH
Accessed /api/Account/me at 26/08/2024 10:38:09 CH
Accessed /api/Account/changeprofile at 26/08/2024 10:38:31 CH
Accessed /api/Account/me at 26/08/2024 10:38:37 CH
Accessed /api/Account/me at 26/08/2024 10:39:03 CH
Accessed /api/Account/changeprofile at 26/08/2024 10:39:18 CH
Accessed /api/Account/me at 26/08/2024 10:39:49 CH
Accessed /api/Account/changeprofile at 26/08/2024 10:40:42 CH
Accessed /api/Account/me at 26/08/2024 10:40:54 CH
Accessed /api/Account/me at 26/08/2024 10:41:27 CH
Accessed /api/Account/changeprofile at 26/08/2024 10:41:40 CH
Accessed /api/Account/me at 26/08/2024 10:42:07 CH
Accessed /api/Account/changeprofile at 26/08/2024 10:43:06 CH
Accessed /api/Account/changeprofile at 26/08/2024 10:43:18 CH
Accessed /api/Account/me at 26/08/2024 10:45:17 CH
Accessed /api/Account/changeprofile at 26/08/2024 10:46:04 CH
Accessed /api/Account/me at 26/08/2024 10:48:03 CH
Accessed /api/Account/changeprofile at 26/08/2024 10:48:10 CH
Accessed /api/Account/changeprofile at 26/08/2024 10:49:41 CH
Accessed /api/Account/me at 26/08/2024 10:49:46 CH
Accessed /api/Account/changeprofile at 26/08/2024 10:50:03 CH
Accessed /api/Account/me at 26/08/2024 10:50:17 CH
Accessed /api/Account/me at 26/08/2024 10:55:10 CH
Accessed /api/Account/changeprofile at 26/08/2024 10:55:17 CH
Accessed /api/Account/me at 26/08/2024 10:55:27 CH
Accessed /api/Account/changeprofile at 26/08/2024 10:55:36 CH
Accessed /api/Account/changeprofile at 26/08/2024 10:56:51 CH
Accessed /api/Account/me at 26/08/2024 10:58:00 CH
Accessed /api/Dashboard/GetRevenue at 26/08/2024 10:58:00 CH
Accessed /api/Dashboard/GetItems at 26/08/2024 10:58:00 CH
Accessed /api/Dashboard/GetTableData at 26/08/2024 10:58:00 CH
Accessed /api/Dashboard/GetCustomers at 26/08/2024 10:58:00 CH
Accessed /api/Account/changeprofile at 26/08/2024 10:58:14 CH
Accessed /api/Account/me at 26/08/2024 10:58:29 CH
Accessed /api/Account/changeprofile at 26/08/2024 11:02:11 CH
Accessed /api/Account/me at 26/08/2024 11:02:24 CH
Accessed /api/Dashboard/GetItems at 26/08/2024 11:02:24 CH
Accessed /api/Dashboard/GetCustomers at 26/08/2024 11:02:24 CH
Accessed /api/Dashboard/GetRevenue at 26/08/2024 11:02:24 CH
Accessed /api/Dashboard/GetTableData at 26/08/2024 11:02:24 CH
Accessed /api/Account/changeprofile at 26/08/2024 11:02:39 CH
Accessed /api/Account/me at 26/08/2024 11:02:52 CH
Accessed /api/Account/changeprofile at 26/08/2024 11:03:50 CH
Accessed /api/Account/me at 26/08/2024 11:03:54 CH
Accessed /api/Account/changeprofile at 26/08/2024 11:04:16 CH
Accessed /api/Account/me at 26/08/2024 11:04:19 CH
Accessed /api/Account/me at 27/08/2024 2:49:51 CH
Accessed /api/Dashboard/GetCustomers at 27/08/2024 2:49:51 CH
Accessed /api/Dashboard/GetTableData at 27/08/2024 2:49:51 CH
Accessed /api/Dashboard/GetItems at 27/08/2024 2:49:51 CH
Accessed /api/Dashboard/GetRevenue at 27/08/2024 2:49:51 CH
Accessed /api/Account/changeprofile at 27/08/2024 2:50:10 CH
Accessed /api/Account/me at 27/08/2024 2:50:13 CH
Accessed /api/Account/changepass at 27/08/2024 2:50:48 CH
Accessed /api/MenuItem at 27/08/2024 2:50:56 CH
Accessed /api/MenuItem at 27/08/2024 2:51:12 CH
Accessed /api/Order at 27/08/2024 2:51:14 CH
Accessed /api/MenuItem at 27/08/2024 2:52:23 CH
Accessed /api/customer at 27/08/2024 2:52:30 CH
Accessed /api/customer/1 at 27/08/2024 2:52:35 CH
Accessed /api/customer at 27/08/2024 2:52:39 CH
Accessed /api/table at 27/08/2024 2:54:49 CH
Accessed /api/table/index at 27/08/2024 2:54:49 CH
Accessed /api/table/index at 27/08/2024 2:54:49 CH
Accessed /api/table/1 at 27/08/2024 2:54:52 CH
Accessed /api/Dashboard/GetItems at 27/08/2024 2:55:03 CH
Accessed /api/Dashboard/GetRevenue at 27/08/2024 2:55:03 CH
Accessed /api/Dashboard/GetTableData at 27/08/2024 2:55:03 CH
Accessed /api/Dashboard/GetCustomers at 27/08/2024 2:55:03 CH
Accessed /api/Order at 27/08/2024 2:55:05 CH
Accessed /api/Account/me at 29/08/2024 12:02:38 SA
Accessed /api/Dashboard/GetCustomers at 29/08/2024 12:02:38 SA
Accessed /api/Dashboard/GetTableData at 29/08/2024 12:02:38 SA
Accessed /api/Dashboard/GetRevenue at 29/08/2024 12:02:38 SA
Accessed /api/Dashboard/GetItems at 29/08/2024 12:02:38 SA
Accessed /api/customer at 29/08/2024 12:19:04 SA
Accessed /api/Account/me at 29/08/2024 12:31:24 SA
Accessed /api/Dashboard/GetRevenue at 29/08/2024 12:31:24 SA
Accessed /api/Dashboard/GetCustomers at 29/08/2024 12:31:24 SA
Accessed /api/Dashboard/GetTableData at 29/08/2024 12:31:24 SA
Accessed /api/Dashboard/GetItems at 29/08/2024 12:31:24 SA
Accessed /api/customer at 29/08/2024 12:31:25 SA
Accessed /api/customer/1 at 29/08/2024 12:31:27 SA
Accessed /api/MenuItem at 29/08/2024 12:34:56 SA
Accessed /api/Account/me at 29/08/2024 8:34:01 SA
Accessed /api/Dashboard/GetTableData at 29/08/2024 8:34:01 SA
Accessed /api/Dashboard/GetCustomers at 29/08/2024 8:34:01 SA
Accessed /api/Dashboard/GetRevenue at 29/08/2024 8:34:01 SA
Accessed /api/Dashboard/GetItems at 29/08/2024 8:34:01 SA
Accessed /api/customer at 29/08/2024 8:34:05 SA
Accessed /api/MenuItem at 29/08/2024 8:34:10 SA
Accessed /api/MenuItem at 29/08/2024 8:34:17 SA
Accessed /api/Account/me at 29/08/2024 8:36:19 SA
Accessed /api/Dashboard/GetTableData at 29/08/2024 8:36:21 SA
Accessed /api/Dashboard/GetItems at 29/08/2024 8:36:21 SA
Accessed /api/Dashboard/GetRevenue at 29/08/2024 8:36:21 SA
Accessed /api/Dashboard/GetCustomers at 29/08/2024 8:36:21 SA
Accessed /api/table at 29/08/2024 8:36:36 SA
Accessed /api/table/index at 29/08/2024 8:36:36 SA
Accessed /api/table/index at 29/08/2024 8:36:36 SA
Accessed /api/table/index at 29/08/2024 8:36:55 SA
Accessed /api/table at 29/08/2024 8:36:55 SA
Accessed /api/table/index at 29/08/2024 8:36:55 SA
Accessed /api/customer at 29/08/2024 8:36:56 SA
Accessed /api/Account/me at 29/08/2024 8:38:13 SA
Accessed /api/Dashboard/GetCustomers at 29/08/2024 8:38:14 SA
Accessed /api/Dashboard/GetItems at 29/08/2024 8:38:14 SA
Accessed /api/Dashboard/GetTableData at 29/08/2024 8:38:14 SA
Accessed /api/Dashboard/GetRevenue at 29/08/2024 8:38:14 SA
Accessed /api/MenuItem at 29/08/2024 8:38:17 SA
Accessed /api/MenuItem at 29/08/2024 8:38:19 SA
Accessed /api/MenuItem at 29/08/2024 8:38:23 SA
Accessed /api/Order/Full at 29/08/2024 8:38:46 SA
Accessed /api/Order/336 at 29/08/2024 8:38:49 SA
Accessed /api/MenuItem at 29/08/2024 8:38:49 SA
Accessed /api/Account/me at 29/08/2024 8:40:32 SA
Accessed /api/Dashboard/GetRevenue at 29/08/2024 8:40:34 SA
Accessed /api/Dashboard/GetItems at 29/08/2024 8:40:34 SA
Accessed /api/Dashboard/GetTableData at 29/08/2024 8:40:34 SA
Accessed /api/Dashboard/GetCustomers at 29/08/2024 8:40:34 SA
Accessed /api/Account/changepass at 29/08/2024 8:41:13 SA
Accessed /api/MenuItem at 29/08/2024 8:41:20 SA
Accessed /api/Account/me at 29/08/2024 5:40:24 CH
Accessed /api/Dashboard/GetCustomers at 29/08/2024 5:40:25 CH
Accessed /api/Dashboard/GetRevenue at 29/08/2024 5:40:25 CH
Accessed /api/Dashboard/GetItems at 29/08/2024 5:40:25 CH
Accessed /api/Dashboard/GetTableData at 29/08/2024 5:40:25 CH
Accessed /api/MenuItem at 29/08/2024 5:40:30 CH
Accessed /api/table at 29/08/2024 5:40:31 CH
Accessed /api/table/index at 29/08/2024 5:40:31 CH
Accessed /api/table/index at 29/08/2024 5:40:31 CH
Accessed /api/MenuItem at 29/08/2024 5:40:34 CH
Accessed /api/customer at 29/08/2024 5:40:41 CH
Accessed /api/Order at 29/08/2024 5:40:43 CH
Accessed /api/Order at 29/08/2024 5:42:14 CH
Accessed /api/Order at 29/08/2024 5:42:39 CH
Accessed /api/Order at 29/08/2024 5:42:50 CH
Accessed /api/MenuItem at 29/08/2024 5:43:06 CH
Accessed /api/customer at 29/08/2024 5:43:19 CH
Accessed /api/MenuItem at 29/08/2024 5:43:26 CH
Accessed /api/table at 29/08/2024 5:43:27 CH
Accessed /api/table/index at 29/08/2024 5:43:27 CH
Accessed /api/table/index at 29/08/2024 5:43:27 CH
Accessed /api/table/1 at 29/08/2024 5:43:28 CH
Accessed /api/MenuItem at 29/08/2024 5:43:30 CH
Accessed /api/Account/me at 29/08/2024 5:50:33 CH
Accessed /api/MenuItem at 29/08/2024 5:50:33 CH
Accessed /api/Order/Full at 29/08/2024 5:50:47 CH
Accessed /api/Order/1318 at 29/08/2024 5:50:50 CH
Accessed /api/MenuItem at 29/08/2024 5:50:50 CH
Accessed /api/MenuItem at 29/08/2024 5:50:55 CH
Accessed /api/Account/me at 29/08/2024 5:56:11 CH
Accessed /api/MenuItem at 29/08/2024 5:56:11 CH
Accessed /api/Account/me at 29/08/2024 5:57:12 CH
Accessed /api/Dashboard/GetItems at 29/08/2024 5:57:12 CH
Accessed /api/Dashboard/GetRevenue at 29/08/2024 5:57:12 CH
Accessed /api/Dashboard/GetCustomers at 29/08/2024 5:57:12 CH
Accessed /api/Dashboard/GetTableData at 29/08/2024 5:57:12 CH
Accessed /api/MenuItem at 29/08/2024 5:57:17 CH
Accessed /api/MenuItem at 29/08/2024 5:57:18 CH
Accessed /api/Account/me at 29/08/2024 5:57:30 CH
Accessed /api/MenuItem at 29/08/2024 5:57:30 CH
Accessed /api/Account/me at 29/08/2024 6:01:24 CH
Accessed /api/MenuItem at 29/08/2024 6:01:24 CH
Accessed /api/Account/me at 29/08/2024 6:02:31 CH
Accessed /api/MenuItem at 29/08/2024 6:02:31 CH
Accessed /api/Account/me at 29/08/2024 6:02:54 CH
Accessed /api/MenuItem at 29/08/2024 6:02:54 CH
Accessed /api/Account/me at 29/08/2024 6:04:26 CH
Accessed /api/MenuItem at 29/08/2024 6:04:26 CH
Accessed /api/Account/me at 29/08/2024 6:05:20 CH
Accessed /api/MenuItem at 29/08/2024 6:05:20 CH
Accessed /api/Account/me at 29/08/2024 6:06:30 CH
Accessed /api/MenuItem at 29/08/2024 6:06:30 CH
Accessed /api/Account/me at 29/08/2024 6:07:57 CH
Accessed /api/MenuItem at 29/08/2024 6:07:57 CH
Accessed /api/Account/me at 29/08/2024 6:09:26 CH
Accessed /api/MenuItem at 29/08/2024 6:09:26 CH
Accessed /api/Account/me at 29/08/2024 6:12:20 CH
Accessed /api/MenuItem at 29/08/2024 6:12:20 CH
Accessed /api/Order/Full at 29/08/2024 6:12:36 CH
Accessed /api/Order/1319 at 29/08/2024 6:12:41 CH
Accessed /api/MenuItem at 29/08/2024 6:12:41 CH
Accessed /api/MenuItem at 29/08/2024 6:14:05 CH
Accessed /api/Account/me at 29/08/2024 6:14:08 CH
Accessed /api/MenuItem at 29/08/2024 6:14:08 CH
Accessed /api/Order/Full at 29/08/2024 6:14:44 CH
Accessed /api/Order/1320 at 29/08/2024 6:14:46 CH
Accessed /api/MenuItem at 29/08/2024 6:14:46 CH
Accessed /api/Account/me at 29/08/2024 6:15:40 CH
Accessed /api/Order/1320 at 29/08/2024 6:15:40 CH
Accessed /api/MenuItem at 29/08/2024 6:15:40 CH
Accessed /api/MenuItem at 29/08/2024 6:15:42 CH
Accessed /api/Order/Full at 29/08/2024 6:16:39 CH
Accessed /api/Order/1321 at 29/08/2024 6:16:40 CH
Accessed /api/MenuItem at 29/08/2024 6:16:40 CH
Accessed /api/Payment at 29/08/2024 6:16:47 CH
Accessed /api/Order at 29/08/2024 6:16:48 CH
Accessed /api/Dashboard/GetCustomers at 29/08/2024 6:16:52 CH
Accessed /api/Dashboard/GetRevenue at 29/08/2024 6:16:52 CH
Accessed /api/Dashboard/GetItems at 29/08/2024 6:16:52 CH
Accessed /api/Dashboard/GetTableData at 29/08/2024 6:16:52 CH
Accessed /api/Account/me at 29/08/2024 8:04:34 CH
Accessed /api/Dashboard/GetCustomers at 29/08/2024 8:04:35 CH
Accessed /api/Dashboard/GetRevenue at 29/08/2024 8:04:35 CH
Accessed /api/Dashboard/GetItems at 29/08/2024 8:04:35 CH
Accessed /api/Dashboard/GetTableData at 29/08/2024 8:04:35 CH
Accessed /api/MenuItem at 29/08/2024 8:04:41 CH
Accessed /api/table at 29/08/2024 8:04:46 CH
Accessed /api/table/index at 29/08/2024 8:04:46 CH
Accessed /api/table/index at 29/08/2024 8:04:46 CH
Accessed /api/customer at 29/08/2024 8:04:52 CH
Accessed /api/MenuItem at 29/08/2024 8:04:56 CH
Accessed /api/Order at 29/08/2024 8:04:58 CH
Accessed /api/Order/14 at 29/08/2024 8:05:11 CH
Accessed /api/MenuItem at 29/08/2024 8:05:11 CH
Accessed /api/Order at 29/08/2024 8:05:34 CH
Accessed /api/Order/94 at 29/08/2024 8:05:41 CH
Accessed /api/MenuItem at 29/08/2024 8:05:41 CH
Accessed /api/Order/94 at 29/08/2024 8:05:54 CH
Accessed /api/Account/me at 29/08/2024 8:17:06 CH
Accessed /api/Account/me at 29/08/2024 8:18:19 CH
Accessed /api/Dashboard/GetCustomers at 29/08/2024 8:18:19 CH
Accessed /api/Dashboard/GetTableData at 29/08/2024 8:18:19 CH
Accessed /api/Dashboard/GetRevenue at 29/08/2024 8:18:19 CH
Accessed /api/Dashboard/GetItems at 29/08/2024 8:18:19 CH
Accessed /api/MenuItem at 29/08/2024 8:18:22 CH
Accessed /api/Order at 29/08/2024 8:18:34 CH
Accessed /api/Order/5 at 29/08/2024 8:18:42 CH
Accessed /api/MenuItem at 29/08/2024 8:18:42 CH
Accessed /api/Order/5 at 29/08/2024 8:18:55 CH
Accessed /api/Order at 29/08/2024 8:19:06 CH
Accessed /api/Order/3 at 29/08/2024 8:19:12 CH
Accessed /api/MenuItem at 29/08/2024 8:19:12 CH
Accessed /api/Account/me at 29/08/2024 8:27:58 CH
Accessed /api/Dashboard/GetRevenue at 29/08/2024 8:27:58 CH
Accessed /api/Dashboard/GetTableData at 29/08/2024 8:27:58 CH
Accessed /api/Dashboard/GetItems at 29/08/2024 8:27:58 CH
Accessed /api/Dashboard/GetCustomers at 29/08/2024 8:27:58 CH
Accessed /api/MenuItem at 29/08/2024 8:28:01 CH
Accessed /api/Order at 29/08/2024 8:28:05 CH
Accessed /api/Order/1 at 29/08/2024 8:28:12 CH
Accessed /api/MenuItem at 29/08/2024 8:28:12 CH
Accessed /api/Order at 29/08/2024 8:28:19 CH
Accessed /api/Account/me at 29/08/2024 8:29:50 CH
Accessed /api/Order at 29/08/2024 8:29:51 CH
Accessed /api/Order/58 at 29/08/2024 8:30:05 CH
Accessed /api/MenuItem at 29/08/2024 8:30:05 CH
Accessed /api/Order at 29/08/2024 8:30:10 CH
Accessed /api/Order/1 at 29/08/2024 8:30:25 CH
Accessed /api/MenuItem at 29/08/2024 8:30:25 CH
Accessed /api/Order at 29/08/2024 8:30:33 CH
Accessed /api/Order/2 at 29/08/2024 8:30:41 CH
Accessed /api/MenuItem at 29/08/2024 8:30:41 CH
Accessed /api/Order at 29/08/2024 8:30:54 CH
Accessed /api/Account/me at 30/08/2024 10:07:56 SA
Accessed /api/Dashboard/GetRevenue at 30/08/2024 10:07:57 SA
Accessed /api/Dashboard/GetTableData at 30/08/2024 10:07:57 SA
Accessed /api/Dashboard/GetItems at 30/08/2024 10:07:57 SA
Accessed /api/Dashboard/GetCustomers at 30/08/2024 10:07:57 SA
Accessed /api/MenuItem at 30/08/2024 10:08:02 SA
Accessed /api/Dashboard/GetTableData at 30/08/2024 10:08:10 SA
Accessed /api/Dashboard/GetItems at 30/08/2024 10:08:10 SA
Accessed /api/Dashboard/GetCustomers at 30/08/2024 10:08:10 SA
Accessed /api/Dashboard/GetRevenue at 30/08/2024 10:08:10 SA
Accessed /api/MenuItem at 30/08/2024 10:08:11 SA
Accessed /api/Dashboard/GetCustomers at 30/08/2024 10:08:13 SA
Accessed /api/Dashboard/GetItems at 30/08/2024 10:08:13 SA
Accessed /api/Dashboard/GetTableData at 30/08/2024 10:08:13 SA
Accessed /api/Dashboard/GetRevenue at 30/08/2024 10:08:13 SA
Accessed /api/MenuItem at 30/08/2024 10:08:14 SA
Accessed /api/table at 30/08/2024 10:08:21 SA
Accessed /api/table/index at 30/08/2024 10:08:21 SA
Accessed /api/table/index at 30/08/2024 10:08:22 SA
Accessed /api/customer at 30/08/2024 10:08:23 SA
Accessed /api/MenuItem at 30/08/2024 10:08:28 SA
Accessed /api/Order at 30/08/2024 10:08:49 SA
Accessed /api/table at 30/08/2024 10:10:06 SA
Accessed /api/table/index at 30/08/2024 10:10:06 SA
Accessed /api/table/index at 30/08/2024 10:10:06 SA
Accessed /api/MenuItem at 30/08/2024 10:10:25 SA
Accessed /api/table at 30/08/2024 10:18:13 SA
Accessed /api/table/index at 30/08/2024 10:18:13 SA
Accessed /api/table/index at 30/08/2024 10:18:13 SA
Accessed /api/MenuItem at 30/08/2024 10:18:24 SA
Accessed /api/Account/me at 30/08/2024 10:48:37 SA
Accessed /api/Dashboard/GetTableData at 30/08/2024 10:48:37 SA
Accessed /api/Dashboard/GetCustomers at 30/08/2024 10:48:37 SA
Accessed /api/Dashboard/GetItems at 30/08/2024 10:48:37 SA
Accessed /api/Dashboard/GetRevenue at 30/08/2024 10:48:37 SA
Accessed /api/customer at 30/08/2024 10:48:46 SA
Accessed /api/Order at 30/08/2024 10:48:50 SA
Accessed /api/Reservation at 30/08/2024 10:48:53 SA
Accessed /api/table/index at 30/08/2024 10:52:11 SA
Accessed /api/table at 30/08/2024 10:52:11 SA
Accessed /api/table/index at 30/08/2024 10:52:11 SA
Accessed /api/Dashboard/GetRevenue at 30/08/2024 10:55:26 SA
Accessed /api/Dashboard/GetCustomers at 30/08/2024 10:55:26 SA
Accessed /api/Dashboard/GetTableData at 30/08/2024 10:55:26 SA
Accessed /api/Dashboard/GetItems at 30/08/2024 10:55:26 SA
Accessed /api/Order at 30/08/2024 10:59:44 SA
Accessed /api/Order at 30/08/2024 11:01:36 SA
Accessed /api/Order/301 at 30/08/2024 11:02:09 SA
Accessed /api/Order/1 at 30/08/2024 11:02:26 SA
Accessed /api/MenuItem at 30/08/2024 11:02:26 SA
Accessed /api/Order at 30/08/2024 11:02:32 SA
Accessed /api/Order/7 at 30/08/2024 11:02:43 SA
Accessed /api/MenuItem at 30/08/2024 11:02:43 SA
Accessed /api/MenuItem at 30/08/2024 11:02:50 SA
Accessed /api/Order at 30/08/2024 11:02:57 SA
Accessed /api/Order/1 at 30/08/2024 11:03:05 SA
Accessed /api/MenuItem at 30/08/2024 11:03:05 SA
Accessed /api/Order at 30/08/2024 11:03:13 SA
Accessed /api/Order/3 at 30/08/2024 11:03:23 SA
Accessed /api/MenuItem at 30/08/2024 11:03:23 SA
Accessed /api/Reservation at 30/08/2024 11:05:44 SA
Accessed /api/table/index at 30/08/2024 11:06:01 SA
Accessed /api/table at 30/08/2024 11:06:01 SA
Accessed /api/table/index at 30/08/2024 11:06:01 SA
Accessed /api/Reservation at 30/08/2024 11:06:21 SA
Accessed /api/table/index at 30/08/2024 11:07:28 SA
Accessed /api/table at 30/08/2024 11:07:28 SA
Accessed /api/table/index at 30/08/2024 11:07:28 SA
Accessed /api/Account/me at 30/08/2024 11:09:17 SA
Accessed /api/Dashboard/GetItems at 30/08/2024 11:09:17 SA
Accessed /api/Dashboard/GetTableData at 30/08/2024 11:09:17 SA
Accessed /api/Dashboard/GetRevenue at 30/08/2024 11:09:17 SA
Accessed /api/Dashboard/GetCustomers at 30/08/2024 11:09:17 SA
Accessed /api/Reservation at 30/08/2024 11:09:18 SA
