Accessed /api/Account/me at 29/08/2024 9:19:42 CH
Accessed /api/Account/me at 29/08/2024 9:30:02 CH
Accessed /api/Account/me at 29/08/2024 9:30:04 CH
Accessed /api/Account/me at 29/08/2024 9:30:05 CH
Accessed /api/Account/me at 29/08/2024 9:30:25 CH
Accessed /api/Account/me at 29/08/2024 9:30:33 CH
Accessed /api/Account/me at 29/08/2024 9:30:42 CH
Accessed /api/Account/me at 29/08/2024 9:53:12 CH
Accessed /api/Dashboard/GetRevenue at 29/08/2024 9:53:12 CH
Accessed /api/Dashboard/GetCustomers at 29/08/2024 9:53:12 CH
Accessed /api/Dashboard/GetItems at 29/08/2024 9:53:12 CH
Accessed /api/Dashboard/GetTableData at 29/08/2024 9:53:12 CH
Accessed /api/MenuItem at 29/08/2024 9:53:15 CH
Accessed /api/Account/me at 12/09/2024 10:21:10 CH
Accessed /api/Dashboard/GetCustomers at 12/09/2024 10:21:10 CH
Accessed /api/Dashboard/GetRevenue at 12/09/2024 10:21:10 CH
Accessed /api/Dashboard/GetTableData at 12/09/2024 10:21:10 CH
Accessed /api/Dashboard/GetItems at 12/09/2024 10:21:10 CH
Accessed /api/MenuItem at 12/09/2024 10:24:29 CH
Accessed /api/MenuItem at 12/09/2024 10:24:35 CH
Accessed /api/MenuItem at 12/09/2024 10:25:44 CH
Accessed /api/Reservation at 12/09/2024 10:25:46 CH
Accessed /api/table/index at 12/09/2024 10:25:46 CH
Accessed /api/table/index at 12/09/2024 10:25:46 CH
Accessed /api/Order at 12/09/2024 10:25:47 CH
Accessed /api/Order/302 at 12/09/2024 10:26:03 CH
Accessed /api/MenuItem at 12/09/2024 10:26:03 CH
Accessed /api/MenuItem at 12/09/2024 10:26:30 CH
Accessed /api/MenuItem at 12/09/2024 10:26:32 CH
Accessed /api/table/index at 12/09/2024 10:27:09 CH
Accessed /api/table at 12/09/2024 10:27:09 CH
Accessed /api/table/index at 12/09/2024 10:27:09 CH
Accessed /api/table/1 at 12/09/2024 10:27:10 CH
Accessed /api/table/index at 12/09/2024 10:27:21 CH
Accessed /api/table at 12/09/2024 10:27:21 CH
Accessed /api/table/index at 12/09/2024 10:27:21 CH
Accessed /api/Order at 12/09/2024 10:27:29 CH
Accessed /api/table/index at 12/09/2024 10:27:31 CH
Accessed /api/Reservation at 12/09/2024 10:27:31 CH
Accessed /api/table/index at 12/09/2024 10:27:31 CH
Accessed /api/Reservation at 12/09/2024 10:28:46 CH
Accessed /api/Account/me at 12/09/2024 10:29:16 CH
Accessed /api/table/index at 12/09/2024 10:29:16 CH
Accessed /api/Reservation at 12/09/2024 10:29:16 CH
Accessed /api/table/index at 12/09/2024 10:29:17 CH
Accessed /api/Reservation at 12/09/2024 10:29:25 CH
Accessed /api/MenuItem at 12/09/2024 10:31:05 CH
Accessed /api/Order at 12/09/2024 10:33:56 CH
Accessed /api/Order/302 at 12/09/2024 10:33:57 CH
Accessed /api/MenuItem at 12/09/2024 10:33:57 CH
Accessed /api/Order at 12/09/2024 10:35:16 CH
